Installing fontpackages-filesystem-1.28-1.fc12.noarch
warning: fontpackages-filesystem-1.28-1.fc12.noarch: Header V3 RSA/SHA256 signature: NOKEY, key ID 57bbccba
Installing kacst-fonts-common-2.0-5.fc12.noarch
Installing m17n-db-1.5.5-1.fc12.noarch
Installing setup-2.8.9-1.fc12.noarch
Installing filesystem-2.4.30-2.fc12.i686
Installing telepathy-filesystem-0.0.2-1.fc12.noarch
Installing xml-common-0.6.3-30.fc12.noarch
Installing iso-codes-3.11-1.fc12.noarch
Installing xkeyboard-config-1.6-3.fc12.noarch
Installing mozilla-filesystem-1.9-5.fc12.i686
Installing ca-certificates-2009-2.fc12.noarch
Installing xmlrpc3-common-3.0-4.10.fc12.noarch
Installing dejavu-fonts-common-2.30-2.fc12.noarch
Installing liberation-fonts-common-1.05.1.20090721-2.fc12.noarch
Installing control-center-filesystem-2.28.1-4.fc12.i686
Installing xmlrpc3-client-3.0-4.10.fc12.noarch
Installing paktype-fonts-common-2.0-5.fc12.noarch
Installing tzdata-2009o-2.fc12.noarch
Installing constantine-backgrounds-single-12.1.0-1.fc12.noarch
Installing kernel-headers-2.6.31.5-127.fc12.i686
Installing mailcap-2.1.30-1.fc12.noarch
Installing constantine-backgrounds-12.1.0-1.fc12.noarch
Installing xmlrpc3-server-3.0-4.10.fc12.noarch
Installing basesystem-10.0-3.noarch
Installing nodoka-filesystem-0.3.90-4.fc12.noarch
Installing nodoka-metacity-theme-0.3.90-4.fc12.noarch
Installing khmeros-fonts-common-5.0-7.fc12.noarch
Installing smc-fonts-common-04.2-2.fc12.noarch
Installing thai-scalable-fonts-common-0.4.12-2.fc12.noarch
Installing un-core-fonts-common-1.0.2-0.10.080608.fc12.noarch
Installing vlgothic-fonts-common-20090612-2.fc12.noarch
Installing pygobject2-doc-2.20.0-1.fc12.i686
Installing mythes-en-3.0-5.fc12.noarch
Installing autocorr-en-3.1.1-19.14.fc12.noarch
Installing ncurses-base-5.7-3.20090207.fc12.i686
Installing malaga-suomi-voikko-1.4-0.3.rc3.fc12.i686
Installing libX11-common-1.3-1.fc12.noarch
Installing hplip-common-3.9.8-21.fc12.i686
Installing tomcat5-jasper-eclipse-5.5.27-7.4.fc12.noarch
Installing comps-extras-17-1.noarch
Installing pygtk2-doc-2.16.0-1.fc12.noarch
Installing kernel-firmware-2.6.31.5-127.fc12.noarch
Installing tzdata-java-2009o-2.fc12.noarch
Installing fedora-bookmarks-11-2.noarch
Installing bluecurve-cursor-theme-8.0.2-5.fc12.noarch
Installing evolution-data-server-doc-2.28.0-1.fc12.noarch
Installing mobile-broadband-provider-info-1.20090918-1.fc12.noarch
Installing jdepend-2.9-1.fc12.noarch
Installing fedora-release-12-1.noarch
Installing m17n-db-thai-1.5.5-1.fc12.noarch
Installing desktop-backgrounds-basic-9.0.0-11.noarch
Installing ql2100-firmware-1.19.38-3.fc12.noarch
Installing iwl1000-firmware-128.50.3.1-1.fc12.noarch
Installing ql2400-firmware-4.04.09-1.fc12.noarch
Installing iwl5000-firmware-8.24.2.12-2.noarch
Installing atmel-firmware-1.3-6.noarch
Installing ivtv-firmware-20080701-20.noarch
Installing libertas-usb8388-firmware-5.110.22.p23-3.fc12.noarch
Installing iwl4965-firmware-228.61.2.24-2.fc12.noarch
Installing ql23xx-firmware-3.03.27-3.fc12.noarch
Installing iwl3945-firmware-15.32.2.9-2.noarch
Installing ipw2200-firmware-3.1-3.noarch
Installing ipw2100-firmware-1.3-10.noarch
Installing ql2500-firmware-4.04.09-1.fc12.noarch
Installing ql2200-firmware-2.02.08-3.fc12.noarch
Installing rt61pci-firmware-1.2-6.noarch
Installing zd1211-firmware-1.4-3.noarch
Installing rt73usb-firmware-1.8-6.noarch
Installing gnome-devel-docs-2.28.0-1.fc12.noarch
Installing gnome-backgrounds-2.28.0-1.fc12.noarch
Installing cjkuni-uming-fonts-0.2.20080216.1-27.fc12.noarch
Installing rootfiles-8.1-6.fc12.noarch
Installing man-pages-3.22-6.fc12.noarch
Installing words-3.0-16.fc12.noarch
Installing specspo-16-3.noarch
Installing libgcc-4.4.2-7.fc12.i686
Installing glibc-2.11-2.i686
Installing libstdc++-4.4.2-7.fc12.i686
Installing zlib-1.2.3-23.fc12.i686
Installing pkgconfig-0.23-9.fc12.i686
Installing libxml2-2.7.6-1.fc12.i686
Installing libICE-1.0.6-1.fc12.i686
Installing ncurses-libs-5.7-3.20090207.fc12.i686
Installing bash-4.0.33-1.fc12.i686
Installing freetype-2.3.9-6.fc12.i686
Installing info-4.13a-7.fc12.i686
Installing libjpeg-6b-46.fc12.i686
Installing libpng-1.2.39-1.fc12.i686
Installing popt-1.13-6.fc12.i686
Installing chkconfig-1.3.44-1.i686
Installing libcom_err-1.41.9-5.fc12.i686
Installing expat-2.0.1-7.i686
Installing bzip2-libs-1.0.5-6.fc12.i686
Installing nspr-4.8.2-1.fc12.i686
Installing db4-4.7.25-13.fc12.i686
Installing readline-6.0-3.fc12.i686
Installing sqlite-3.6.17-1.fc12.i686
Installing libXau-1.0.5-1.fc12.i686
Installing libusb-0.1.12-22.fc12.i686
Installing libart_lgpl-2.3.20-5.fc12.i686
Installing audit-libs-2.0.1-1.fc12.i686
Installing libXdmcp-1.0.3-1.fc12.i686
Installing cyrus-sasl-lib-2.1.23-4.fc12.i686
Installing libuuid-2.16-10.2.fc12.i686
Installing libSM-1.1.0-7.fc12.i686
Installing libsepol-2.0.38-1.fc12.i686
Installing libselinux-2.0.87-1.fc12.i686
Installing shadow-utils-4.1.4.2-1.fc12.i686
Installing libogg-1.1.4-2.fc12.i686
Installing libtiff-3.8.2-15.fc12.i686
Installing tcp_wrappers-libs-7.6-56.fc12.i686
Installing nss-util-3.12.4-8.fc12.i686
Installing libvorbis-1.2.3-3.fc12.i686
Installing libgpg-error-1.6-4.i686
Installing libgcrypt-1.4.4-8.fc12.i686
Installing libxslt-1.1.26-1.fc12.i686
Installing lcms-libs-1.18-3.fc12.i686
Installing sed-4.2.1-4.fc12.i686
Installing device-mapper-libs-1.02.38-2.fc12.i686
Installing libidn-1.9-5.i686
Installing gawk-3.1.7-1.fc12.i686
Installing gmp-4.3.1-5.fc12.i686
Installing elfutils-libelf-0.143-1.fc12.i686
Installing xz-libs-4.999.9-0.1.beta.20091007git.fc12.i686
Installing libsigc++20-2.2.4.2-1.fc12.i686
Installing nss-softokn-freebl-3.12.4-10.fc12.i686
Installing nss-softokn-3.12.4-10.fc12.i686
Installing nss-3.12.4-14.fc12.i686
Installing libattr-2.4.43-4.fc12.i686
Installing libcap-2.16-5.fc12.i686
Installing libacl-2.2.47-5.fc12.i686
Installing libexif-0.6.16-4.fc12.i686
Installing speex-1.2-0.12.rc1.fc12.i686
Installing libtool-ltdl-2.2.6-15.fc12.i686
Installing which-2.19-5.fc12.i686
Installing pcre-7.8-3.fc12.i686
Installing grep-2.5.3-6.fc12.i686
Installing apr-1.3.9-3.fc12.i686
Installing bluez-libs-4.57-2.fc12.i686
Installing libcap-ng-0.6.2-3.fc12.i686
Installing libudev-145-12.fc12.i686
Installing libmng-1.0.10-4.fc12.i686
Installing findutils-4.4.2-4.fc12.i686
Installing libblkid-2.16-10.2.fc12.i686
Installing jasper-libs-1.900.1-14.fc12.i686
Installing taglib-1.6-2.fc12.i686
Installing libasyncns-0.8-1.fc12.i686
Installing libtheora-1.1.0-1.fc12.i686
Installing flac-1.2.1-6.fc12.i686
Installing lua-5.1.4-4.fc12.i686
Installing libtdb-1.1.5-2.fc12.i686
Installing hunspell-1.2.8-12.fc12.i686
Installing file-libs-5.03-9.fc12.i686
Installing rpm-libs-4.7.1-6.fc12.i686
Installing libraw1394-2.0.4-1.fc12.i686
Installing apr-util-1.3.9-2.fc12.i686
Installing libxcb-1.4-1.fc12.i686
Installing libX11-1.3-1.fc12.i686
Installing libXext-1.1-1.fc12.i686
Installing libXrender-0.9.5-1.fc12.i686
Installing libXrandr-1.3.0-3.fc12.i686
Installing libXfixes-4.0.4-1.fc12.i686
Installing libXpm-3.5.8-2.fc12.i686
Installing libXi-1.3-1.fc12.i686
Installing libXtst-1.0.99.2-3.fc12.i686
Installing libXt-1.0.7-1.fc12.i686
Installing libXcursor-1.1.10-1.fc12.i686
Installing libXinerama-1.1-1.fc12.i686
Installing libXmu-1.0.5-1.fc12.i686
Installing libXdamage-1.1.2-1.fc12.i686
Installing libXcomposite-0.4.1-2.fc12.i686
Installing libXxf86vm-1.1.0-1.fc12.i686
Installing libXv-1.0.5-1.fc12.i686
Installing libXScrnSaver-1.2.0-1.fc12.i686
Installing libXxf86misc-1.0.2-1.fc12.i686
Installing bzip2-1.0.5-6.fc12.i686
Installing e2fsprogs-libs-1.41.9-5.fc12.i686
Installing pciutils-libs-3.1.4-2.fc12.i686
Installing libical-0.43-5.fc12.i686
Installing keyutils-libs-1.2-6.fc12.i686
Installing krb5-libs-1.7-8.fc12.i686
Installing pixman-0.16.2-1.fc12.i686
Installing libXaw-1.0.6-4.fc12.i686
Installing pilot-link-0.12.4-2.fc12.i686
Installing device-mapper-1.02.38-2.fc12.i686
Installing device-mapper-event-libs-1.02.38-2.fc12.i686
Installing libutempter-1.1.5-4.fc12.i686
Installing make-3.81-18.fc12.i686
Installing binutils-2.19.51.0.14-34.fc12.i686
Installing m4-1.4.13-4.fc12.i686
Installing diffutils-2.8.1-25.fc12.i686
Installing glibc-common-2.11-2.i686
Installing ilmbase-1.0.1-6.fc12.i686
Installing OpenEXR-libs-1.6.1-8.fc12.i686
Installing libicu-4.2.1-6.fc12.i686
Installing libnl-1.1-8.fc12.i686
Installing pcsc-lite-libs-1.5.2-3.fc12.i686
Installing slang-2.2.1-1.fc12.i686
Installing newt-0.52.11-1.fc12.i686
Installing gpm-libs-1.20.6-7.fc12.i686
Installing libXvMC-1.0.4-8.fc12.i686
Installing giflib-4.1.6-3.fc12.i686
Installing libxkbfile-1.0.6-1.1.fc12.i686
Installing file-5.03-9.fc12.i686
Installing psmisc-22.6-13.fc12.i686
Installing libmusicbrainz-2.1.5-11.fc12.i686
Installing iptables-1.4.5-1.fc12.i686
Installing cpio-2.10-3.fc12.i686
Installing libtalloc-2.0.0-0.fc12.i686
Installing libfontenc-1.0.5-2.fc12.i686
Installing boost-system-1.39.0-8.fc12.i686
Installing boost-filesystem-1.39.0-8.fc12.i686
Installing clucene-core-0.9.21-4.fc12.i686
Installing eject-2.1.5-15.fc12.i686
Installing SDL-1.2.13-10.fc12.i686
Installing gdbm-1.8.0-33.fc12.i686
Installing libpcap-1.0.0-4.20090922gite154e2.fc12.i686
Installing openjpeg-libs-1.3-6.fc12.i686
Installing libffi-3.0.5-3.fc12.i686
Installing libXfont-1.4.1-1.fc12.i686
Installing libgssglue-0.1-8.fc12.i686
Installing libXres-1.0.4-1.fc12.i686
Installing deltarpm-3.5-0.4.20090913git.fc12.i686
Installing libatasmart-0.17-1.fc12.i686
Installing less-436-2.fc12.i686
Installing tar-1.22-8.fc12.i686
Installing pinentry-0.7.6-4.fc12.i686
Installing xz-4.999.9-0.1.beta.20091007git.fc12.i686
Installing mpfr-2.4.1-3.fc12.i686
Installing lockdev-1.0.1-16.fc12.i686
Installing libgphoto2-2.4.7-2.fc12.i686
Installing upstart-0.3.11-3.fc12.i686
Installing plymouth-libs-0.8.0-0.2009.29.09.18.fc12.i686
Installing libgomp-4.4.2-7.fc12.i686
Installing cdparanoia-libs-10.2-5.fc12.i686
Installing procps-3.2.8-2.fc12.i686
Installing libedit-2.11-4.20080712cvs.fc12.i686
Installing xmlrpc-c-1.16.6-3.1582.fc12.i686
Installing boost-thread-1.39.0-8.fc12.i686
Installing boost-date-time-1.39.0-8.fc12.i686
Installing boost-program-options-1.39.0-8.fc12.i686
Installing libwmf-lite-0.2.8.4-21.fc12.i686
Installing wavpack-4.60-1.fc12.i686
Installing liboil-0.3.16-4.fc12.i686
Installing libv4l-0.6.3-1.fc12.i686
Installing libmpcdec-1.2.6-6.fc12.i686
Installing hyphen-2.4-5.fc12.i686
Installing libtasn1-2.3-1.fc12.i686
Installing gnutls-2.8.5-1.fc12.i686
Installing pth-2.0.7-9.i686
Installing lm_sensors-libs-3.1.1-3.fc12.i686
Installing tcl-8.5.7-4.fc12.i686
Installing boost-wave-1.39.0-8.fc12.i686
Installing xz-lzma-compat-4.999.9-0.1.beta.20091007git.fc12.i686
Installing libtirpc-0.2.0-4.fc12.i686
Installing xorg-x11-font-utils-7.2-10.fc12.i686
Installing xorg-x11-xkb-utils-7.4-6.fc12.i686
Installing boost-regex-1.39.0-8.fc12.i686
Installing MAKEDEV-3.24-4.i686
Installing oprofile-0.9.5-2.fc12.i686
Installing device-mapper-event-1.02.38-2.fc12.i686
Installing libXxf86dga-1.1.1-1.fc12.i686
Installing libdmx-1.1.0-1.fc12.i686
Installing libavc1394-0.5.3-9.fc12.i686
Installing libiec61883-1.2.0-3.fc12.i686
Installing taglib-extras-1.0.1-1.fc12.i686
Installing rsync-3.0.6-3.fc12.i686
Installing vim-minimal-7.2.245-3.fc12.i686
Installing acl-2.2.47-5.fc12.i686
Installing elfutils-libs-0.143-1.fc12.i686
Installing elfutils-0.143-1.fc12.i686
Installing parted-1.9.0-17.fc12.i686
Installing kpartx-0.4.9-5.fc12.i686
Installing dmraid-1.0.0.rc16-4.fc12.i686
Installing libotr-3.2.0-4.fc12.i686
Installing libksba-1.0.6-3.fc12.i686
Installing net-tools-1.60-95.fc12.i686
Installing patch-2.5.4-40.fc12.i686
Installing checkpolicy-2.0.19-3.fc12.i686
Installing setools-libs-3.3.6-4.fc12.i686
Installing openobex-1.4-3.fc12.i686
Installing boost-iostreams-1.39.0-8.fc12.i686
Installing exempi-2.1.0-4.fc12.i686
Installing exiv2-libs-0.18.2-2.fc12.i686
Installing libss-1.41.9-5.fc12.i686
Installing e2fsprogs-1.41.9-5.fc12.i686
Installing djvulibre-libs-3.5.21-3.fc12.i686
Installing eet-1.1.0-3.fc12.i686
Installing libopenraw-0.0.5-4.fc12.i686
Installing aspell-0.60.6-7.fc12.i686
Installing fftw-3.2.1-3.fc12.i686
Installing unzip-5.52-11.fc12.i686
Installing procmail-3.22-25.fc12.i686
Installing boost-signals-1.39.0-8.fc12.i686
Installing boost-graph-1.39.0-8.fc12.i686
Installing boost-test-1.39.0-8.fc12.i686
Installing boost-math-1.39.0-8.fc12.i686
Installing boost-serialization-1.39.0-8.fc12.i686
Installing boost-python-1.39.0-8.fc12.i686
Installing zip-2.31-8.fc12.i686
Installing babl-0.1.0-4.fc12.i686
Installing fuse-libs-2.8.1-1.fc12.i686
Installing hesiod-3.1.0-16.i686
Installing anthy-9100h-8.fc12.i686
Installing sysvinit-tools-2.87-1.dsf.fc12.i686
Installing chmlib-0.40-2.fc12.i686
Installing libdbi-0.8.3-3.fc12.i686
Installing libevent-1.4.12-1.fc12.i686
Installing libdaemon-0.14-1.fc12.i686
Installing libusb1-1.0.3-1.fc12.i686
Installing sg3_utils-libs-1.27-2.fc12.i686
Installing libieee1284-0.2.11-8.fc12.i686
Installing avahi-autoipd-0.6.25-5.fc12.i686
Installing libofa-0.9.3-16.fc12.i686
Installing setools-console-3.3.6-4.fc12.i686
Installing libfreebob-1.0.11-6.fc12.i686
Installing xorg-x11-utils-7.4-7.fc12.i686
Installing ksysguardd-4.3.2-1.fc12.i686
Installing cdparanoia-10.2-5.fc12.i686
Installing cpp-4.4.2-7.fc12.i686
Installing iptables-ipv6-1.4.5-1.fc12.i686
Installing tmpwatch-2.9.15-2.i686
Installing aalib-libs-1.4.0-0.18.rc5.fc12.i686
Installing gpm-1.20.6-7.fc12.i686
Installing gnokii-0.6.28-1.fc12.i686
Installing iw-0.9.17-2.fc12.i686
Installing flex-2.5.35-7.fc12.i686
Installing lvm2-libs-2.02.53-2.fc12.i686
Installing xorg-x11-resutils-7.1-9.fc12.i686
Installing mailx-12.4-3.fc12.i686
Installing radeontool-1.5-6.fc12.i686
Installing rmt-0.4-0.3.b42.fc12.i686
Installing xorg-x11-xauth-1.0.2-7.fc12.i686
Installing Xaw3d-1.5E-15.fc12.i686
Installing libXevie-1.0.2-7.fc12.i686
Installing xcb-util-0.3.6-1.fc12.i686
Installing startup-notification-0.10-2.fc12.i686
Installing libshout-2.2.2-5.fc12.i686
Installing jasper-1.900.1-14.fc12.i686
Installing unixODBC-2.2.14-6.fc12.i686
Installing ntpdate-4.2.4p7-7.fc12.i686
Installing nss-tools-3.12.4-14.fc12.i686
Installing nss_compat_ossl-0.9.5-4.fc12.i686
Installing ppl-0.10.2-10.fc12.i686
Installing cloog-ppl-0.15.7-1.fc12.i686
Installing iputils-20071127-9.fc12.i686
Installing cryptsetup-luks-libs-1.1.0-0.1.fc12.i686
Installing cryptsetup-luks-1.1.0-0.1.fc12.i686
Installing dcraw-8.96-1.fc12.i686
Installing lcms-1.18-3.fc12.i686
Installing tcp_wrappers-7.6-56.fc12.i686
Installing libselinux-utils-2.0.87-1.fc12.i686
Installing xfsprogs-3.0.3-2.fc12.i686
Installing cyrus-sasl-plain-2.1.23-4.fc12.i686
Installing db4-utils-4.7.25-13.fc12.i686
Installing indent-2.2.10-5.fc12.i686
Installing libcdio-0.81-3.fc12.i686
Installing mtools-4.0.11-1.fc12.i686
Installing portreserve-0.0.4-2.fc12.i686
Installing pnm2ppa-1.04-18.fc12.i686
Installing psutils-1.17-33.fc12.i686
Installing vim-common-7.2.245-3.fc12.i686
Installing ncurses-5.7-3.20090207.fc12.i686
Installing libzip-0.9-3.fc12.i686
Installing ebook-tools-libs-0.1.1-5.fc12.i686
Installing db4-cxx-4.7.25-13.fc12.i686
Installing libconfig-1.3.2-1.fc12.i686
Installing ntfsprogs-2.0.0-13.fc12.i686
Installing gettext-libs-0.17-15.fc12.i686
Installing libmp4v2-1.5.0.1-10.fc12.i686
Installing libmodplug-0.8.7-2.fc12.i686
Installing gc-7.1-9.fc12.i686
Installing dosfstools-3.0.1-6.fc12.i686
Installing ctags-5.8-1.fc12.i686
Installing libisofs-0.6.20-2.fc12.i686
Installing libburn-0.7.0-1.fc12.i686
Installing Canna-libs-3.7p3-28.fc12.i686
Installing libgfortran-4.4.2-7.fc12.i686
Installing libdv-1.0.0-8.fc12.i686
Installing libiptcdata-1.0.4-2.fc12.i686
Installing libhangul-0.0.9-2.fc12.i686
Installing m17n-lib-1.5.5-1.fc12.i686
Installing ethtool-6-7.20090323git.fc12.i686
Installing mingetty-1.08-4.fc12.i686
Installing linux-atm-libs-2.5.0-10.i686
Installing iproute-2.6.29-4.fc12.i686
Installing vpnc-0.5.3-4.fc12.i686
Installing ortp-0.14.2-0.5.20080211.fc12.i686
Installing lrzsz-0.12.20-27.fc12.i686
Installing netpbm-10.47.04-1.fc12.i686
Installing lzo-2.03-3.fc12.i686
Installing hdparm-9.16-3.fc12.i686
Installing c2070-0.99-6.fc12.i686
Installing pbm2l7k-990321-7.fc12.i686
Installing lx-20030328-5.fc12.i686
Installing min12xxw-0.0.9-5.fc12.i686
Installing pbm2l2030-1.4-5.fc12.i686
Installing cjet-0.8.9-9.fc12.i686
Installing c2050-0.3b-3.fc12.i686
Installing yp-tools-2.9-8.fc12.i686
Installing audiofile-0.2.6-11.fc12.i686
Installing libaio-0.3.107-9.fc12.i686
Installing device-mapper-multipath-libs-0.4.9-5.fc12.i686
Installing sgpio-1.2.0.10-4.fc12.i686
Installing dmraid-events-1.0.0.rc16-4.fc12.i686
Installing dash-0.5.5.1-3.fc12.i686
Installing fakeroot-libs-1.12.2-22.fc12.i686
Installing libspiro-20071029-3.fc12.i686
Installing libvisual-0.4.0-9.fc12.i686
Installing dmidecode-2.10-1.39.fc12.i686
Installing libdvdread-4.1.4-0.1.svn1183.fc12.i686
Installing libdiscid-0.2.2-4.fc12.i686
Installing libnfnetlink-0.0.41-2.fc12.i686
Installing libnetfilter_conntrack-0.0.99-3.fc12.i686
Installing ustr-1.0.4-9.fc12.i686
Installing libsemanage-2.0.39-1.fc12.i686
Installing lzo-minilzo-2.03-3.fc12.i686
Installing libvncserver-0.9.7-3.fc12.i686
Installing pakchois-0.4-3.i686
Installing lpsolve-5.5.0.15-1.fc12.i686
Installing libtextcat-2.2-10.fc12.i686
Installing libthai-0.1.12-2.fc12.i686
Installing paps-libs-0.6.8-11.fc12.i686
Installing libx86-1.1-7.fc12.i686
Installing libmcpp-2.7.2-4.fc12.i686
Installing mcpp-2.7.2-4.fc12.i686
Installing xorg-x11-server-utils-7.4-13.fc12.i686
Installing iptstate-2.2.1-6.fc12.i686
Installing device-mapper-multipath-0.4.9-5.fc12.i686
Installing minicom-2.3-6.fc12.i686
Installing slrn-0.9.9p1-3.fc12.i686
Installing dump-0.4-0.3.b42.fc12.i686
Installing lftp-4.0.0-1.fc12.i686
Installing xrestop-0.4-7.fc12.i686
Installing ntsysv-1.3.44-1.i686
Installing bison-2.4.1-4.fc12.i686
Installing nss_db-2.2-45.fc12.i686
Installing efibootmgr-0.5.4-7.fc12.i686
Installing mlocate-0.22.2-1.fc12.i686
Installing attr-2.4.43-4.fc12.i686
Installing ltrace-0.5-14.45svn.fc12.i686
Installing jwhois-4.0-18.fc12.i686
Installing lsof-4.82-1.fc12.i686
Installing jfsutils-1.1.13-8.fc12.i686
Installing bc-1.06.95-1.fc12.i686
Installing ftp-0.17-51.fc12.i686
Installing acpid-1.0.10-2.fc12.i686
Installing cpuspeed-1.5-12.fc12.i686
Installing ed-1.1-3.fc12.i686
Installing nano-2.0.9-3.fc12.i686
Installing time-1.7-37.fc12.i686
Installing texinfo-4.13a-7.fc12.i686
Installing cscope-15.6-5.fc12.i686
Installing telnet-0.17-45.fc12.i686
Installing mtr-0.75-5.fc12.i686
Installing talk-0.17-33.2.4.i686
Installing zisofs-tools-1.0.8-5.fc12.i686
Installing swig-1.3.40-1.fc12.i686
Installing traceroute-2.0.12-3.fc12.i686
Installing vconfig-1.9-8.fc12.i686
Installing pam_smb-1.1.7-11.fc12.i686
Installing ntfs-3g-2009.4.4-3.fc12.i686
Installing rdist-6.1.5-47.i686
Installing dos2unix-3.1-36.fc12.i686
Installing finger-0.17-39.fc12.i686
Installing rsh-0.17-58.fc12.i686
Installing rdate-1.4-14.fc12.i686
Installing symlinks-1.2-34.fc12.i686
Installing unix2dos-2.2-34.fc12.i686
Installing tree-1.5.2.2-4.fc12.i686
Installing setserial-2.17-24.fc12.i686
Installing strace-4.5.19-1.fc12.i686
Installing diffstat-1.43-10.fc12.i686
Installing rcs-5.7-35.fc12.i686
Installing byacc-1.9.20070509-6.fc12.i686
Installing b43-fwcutter-012-2.fc12.i686
Installing mpage-2.5.6-8.fc12.i686
Installing bridge-utils-1.2-8.fc12.i686
Installing xorg-x11-proto-devel-7.4-34.fc12.noarch
Installing m17n-contrib-1.1.10-2.fc12.noarch
Installing zlib-devel-1.2.3-23.fc12.i686
Installing freetype-devel-2.3.9-6.fc12.i686
Installing libpng-devel-1.2.39-1.fc12.i686
Installing tomcat5-servlet-2.4-api-5.5.27-7.4.fc12.noarch
Installing libjpeg-devel-6b-46.fc12.i686
Installing libICE-devel-1.0.6-1.fc12.i686
Installing libSM-devel-1.1.0-7.fc12.i686
Installing nspr-devel-4.8.2-1.fc12.i686
Installing tomcat6-servlet-2.5-api-6.0.18-10.2.fc12.noarch
Installing libart_lgpl-devel-2.3.20-5.fc12.i686
Installing popt-devel-1.13-6.fc12.i686
Installing oxygen-icon-theme-4.3.2-1.fc12.noarch
Installing nss-util-devel-3.12.4-8.fc12.i686
Installing tomcat5-jsp-2.0-api-5.5.27-7.4.fc12.noarch
Installing libXau-devel-1.0.5-1.fc12.i686
Installing libical-devel-0.43-5.fc12.i686
Installing sqlite-devel-3.6.17-1.fc12.i686
Installing bzip2-devel-1.0.5-6.fc12.i686
Installing crontabs-1.10-31.fc12.noarch
Installing gnome-doc-utils-stylesheets-0.18.0-1.fc12.noarch
Installing libxcb-devel-1.4-1.fc12.i686
Installing nss-softokn-devel-3.12.4-10.fc12.i686
Installing nss-devel-3.12.4-14.fc12.i686
Installing tomcat6-jsp-2.1-api-6.0.18-10.2.fc12.noarch
Installing libmng-devel-1.0.10-4.fc12.i686
Installing tomcat5-jasper-5.5.27-7.4.fc12.noarch
Installing libXdmcp-devel-1.0.3-1.fc12.i686
Installing libX11-devel-1.3-1.fc12.i686
Installing libXext-devel-1.1-1.fc12.i686
Installing libXrender-devel-0.9.5-1.fc12.i686
Installing libXfixes-devel-4.0.4-1.fc12.i686
Installing libXrandr-devel-1.3.0-3.fc12.i686
Installing libXcursor-devel-1.1.10-1.fc12.i686
Installing libXi-devel-1.3-1.fc12.i686
Installing libXinerama-devel-1.1-1.fc12.i686
Installing libXdamage-devel-1.1.2-1.fc12.i686
Installing libXcomposite-devel-0.4.1-2.fc12.i686
Installing libXv-devel-1.0.5-1.fc12.i686
Installing startup-notification-devel-0.10-2.fc12.i686
Installing libXtst-devel-1.0.99.2-3.fc12.i686
Installing libXxf86vm-devel-1.1.0-1.fc12.i686
Installing libXScrnSaver-devel-1.2.0-1.fc12.i686
Installing libXxf86misc-devel-1.0.2-1.fc12.i686
Installing libxkbfile-devel-1.0.6-1.1.fc12.i686
Installing libdbi-drivers-0.8.3-5.fc12.i686
Installing boost-1.39.0-8.fc12.i686
Installing boost-devel-1.39.0-8.fc12.i686
Installing xorg-x11-server-common-1.7.1-7.fc12.i686
Installing xorg-x11-fonts-ISO8859-1-100dpi-7.2-9.fc12.noarch
Installing libtasn1-devel-2.3-1.fc12.i686
Installing hyphen-en-2.4-5.fc12.noarch
Installing libfontenc-devel-1.0.5-2.fc12.i686
Installing slang-devel-2.2.1-1.fc12.i686
Installing pixman-devel-0.16.2-1.fc12.i686
Installing keyutils-libs-devel-1.2-6.fc12.i686
Installing hunspell-en-0.20090216-7.fc12.noarch
Installing kernel-PAE-devel-2.6.31.5-127.fc12.i686
Installing libattr-devel-2.4.43-4.fc12.i686
Installing libsigc++20-devel-2.2.4.2-1.fc12.i686
Installing xz-devel-4.999.9-0.1.beta.20091007git.fc12.i686
Installing elfutils-libelf-devel-0.143-1.fc12.i686
Installing libidn-devel-1.9-5.i686
Installing libsilc-1.1.10-1.fc12.i686
Installing libgpg-error-devel-1.6-4.i686
Installing polkit-desktop-policy-0.95-0.git20090913.3.fc12.noarch
Installing libsepol-devel-2.0.38-1.fc12.i686
Installing libselinux-devel-2.0.87-1.fc12.i686
Installing libuuid-devel-2.16-10.2.fc12.i686
Installing expat-devel-2.0.1-7.i686
Installing libcom_err-devel-1.41.9-5.fc12.i686
Installing java-1.6.0-openjdk-javadoc-1.6.0.0-31.b16.fc12.i686
Installing ncurses-devel-5.7-3.20090207.fc12.i686
Installing readline-devel-6.0-3.fc12.i686
Installing pilot-link-devel-0.12.4-2.fc12.i686
Installing dejavu-serif-fonts-2.30-2.fc12.noarch
Installing dejavu-sans-mono-fonts-2.30-2.fc12.noarch
Installing liberation-serif-fonts-1.05.1.20090721-2.fc12.noarch
Installing liberation-sans-fonts-1.05.1.20090721-2.fc12.noarch
Installing liberation-mono-fonts-1.05.1.20090721-2.fc12.noarch
Installing dejavu-sans-fonts-2.30-2.fc12.noarch
Installing glibc-headers-2.11-2.i686
Installing glibc-devel-2.11-2.i686
Installing pygtk2-codegen-2.16.0-1.fc12.i686
Installing openoffice.org-opensymbol-fonts-3.1.1-19.14.fc12.noarch
Installing libstdc++-devel-4.4.2-7.fc12.i686
Installing newt-devel-0.52.11-1.fc12.i686
Installing libXfont-devel-1.4.1-1.fc12.i686
Installing libXvMC-devel-1.0.4-8.fc12.i686
Installing libXres-devel-1.0.4-1.fc12.i686
Installing libXxf86dga-devel-1.1.1-1.fc12.i686
Installing libXevie-devel-1.0.2-7.fc12.i686
Installing libdmx-devel-1.1.0-1.fc12.i686
Installing binutils-devel-2.19.51.0.14-34.fc12.i686
Installing m17n-contrib-maithili-1.1.10-2.fc12.noarch
Installing m17n-contrib-marathi-1.1.10-2.fc12.noarch
Installing m17n-contrib-urdu-1.1.10-2.fc12.noarch
Installing netpbm-devel-10.47.04-1.fc12.i686
Installing db4-devel-4.7.25-13.fc12.i686
Installing gpm-devel-1.20.6-7.fc12.i686
Installing hesiod-devel-3.1.0-16.i686
Installing aspell-en-6.0-11.fc12.i686
Installing lockdev-devel-1.0.1-16.fc12.i686
Installing gdbm-devel-1.8.0-33.fc12.i686
Installing giflib-devel-4.1.6-3.fc12.i686
Installing pcsc-lite-devel-1.5.2-3.fc12.i686
Installing libcap-devel-2.16-5.fc12.i686
Installing gmp-devel-4.3.1-5.fc12.i686
Installing libtiff-devel-3.8.2-15.fc12.i686
Installing perf-2.6.31.5-127.fc12.noarch
Installing jomolhari-fonts-0.003-8.fc12.noarch
Installing lohit-assamese-fonts-2.4.3-2.fc12.noarch
Installing lohit-bengali-fonts-2.4.3-3.fc12.noarch
Installing lklug-fonts-0.6-1.20090803cvs.fc12.noarch
Installing kacst-book-fonts-2.0-5.fc12.noarch
Installing kacst-digital-fonts-2.0-5.fc12.noarch
Installing kacst-pen-fonts-2.0-5.fc12.noarch
Installing kacst-decorative-fonts-2.0-5.fc12.noarch
Installing abyssinica-fonts-1.0-5.fc12.noarch
Installing kacst-letter-fonts-2.0-5.fc12.noarch
Installing lohit-kannada-fonts-2.4.4-2.fc12.noarch
Installing khmeros-base-fonts-5.0-7.fc12.noarch
Installing paktype-tehreer-fonts-2.0-5.fc12.noarch
Installing kacst-titlel-fonts-2.0-5.fc12.noarch
Installing kacst-naskh-fonts-2.0-5.fc12.noarch
Installing vlgothic-fonts-20090612-2.fc12.noarch
Installing kacst-art-fonts-2.0-5.fc12.noarch
Installing kacst-poster-fonts-2.0-5.fc12.noarch
Installing lohit-hindi-fonts-2.4.3-2.fc12.noarch
Installing lohit-marathi-fonts-2.4.3-2.fc12.noarch
Installing lohit-gujarati-fonts-2.4.3-2.fc12.noarch
Installing paktype-naqsh-fonts-2.0-5.fc12.noarch
Installing thai-scalable-waree-fonts-0.4.12-2.fc12.noarch
Installing smc-meera-fonts-04.2-2.fc12.noarch
Installing kacst-office-fonts-2.0-5.fc12.noarch
Installing kacst-farsi-fonts-2.0-5.fc12.noarch
Installing kacst-one-fonts-2.0-5.fc12.noarch
Installing kacst-qurn-fonts-2.0-5.fc12.noarch
Installing lohit-telugu-fonts-2.4.4-2.fc12.noarch
Installing lohit-punjabi-fonts-2.4.3-2.fc12.noarch
Installing un-core-dotum-fonts-1.0.2-0.10.080608.fc12.noarch
Installing lohit-tamil-fonts-2.4.4-2.fc12.noarch
Installing stix-fonts-0.9-13.fc12.noarch
Installing kacst-title-fonts-2.0-5.fc12.noarch
Installing lohit-maithili-fonts-2.4.3-2.fc12.noarch
Installing kacst-screen-fonts-2.0-5.fc12.noarch
Installing lohit-oriya-fonts-2.4.3-2.fc12.noarch
Installing gnome-common-2.28.0-1.fc12.noarch
Installing xorg-x11-xtrans-devel-1.2.2-4.fc12.noarch
Installing libXt-devel-1.0.7-1.fc12.i686
Installing gcc-4.4.2-7.fc12.i686
Installing libXpm-devel-3.5.8-2.fc12.i686
Installing krb5-devel-1.7-8.fc12.i686
Installing libgcrypt-devel-1.4.4-8.fc12.i686
Installing libXmu-devel-1.0.5-1.fc12.i686
Installing gcc-c++-4.4.2-7.fc12.i686
Installing gcc-gfortran-4.4.2-7.fc12.i686
Installing gnutls-devel-2.8.5-1.fc12.i686
Installing libXaw-devel-1.0.6-4.fc12.i686
Installing Xaw3d-devel-1.5E-15.fc12.i686
Installing perl-Pod-Escapes-1.04-82.fc12.i686
Installing cracklib-dicts-2.8.13-6.i686
Installing m17n-contrib-sinhala-1.1.10-2.fc12.noarch
Installing m17n-db-telugu-1.5.5-1.fc12.noarch
Installing m17n-db-tamil-1.5.5-1.fc12.noarch
Installing m17n-db-punjabi-1.5.5-1.fc12.noarch
Installing m17n-db-oriya-1.5.5-1.fc12.noarch
Installing m17n-db-malayalam-1.5.5-1.fc12.noarch
Installing m17n-db-kannada-1.5.5-1.fc12.noarch
Installing m17n-db-hindi-1.5.5-1.fc12.noarch
Installing m17n-db-gujarati-1.5.5-1.fc12.noarch
Installing m17n-db-bengali-1.5.5-1.fc12.noarch
Installing m17n-db-assamese-1.5.5-1.fc12.noarch
Installing m17n-contrib-gujarati-1.1.10-2.fc12.noarch
Installing m17n-contrib-malayalam-1.1.10-2.fc12.noarch
Installing m17n-contrib-tamil-1.1.10-2.fc12.noarch
Installing m17n-db-sinhala-1.5.5-1.fc12.noarch
Installing m17n-contrib-hindi-1.1.10-2.fc12.noarch
Installing m17n-contrib-assamese-1.1.10-2.fc12.noarch
Installing m17n-contrib-kannada-1.1.10-2.fc12.noarch
Installing m17n-contrib-oriya-1.1.10-2.fc12.noarch
Installing m17n-contrib-telugu-1.1.10-2.fc12.noarch
Installing m17n-contrib-punjabi-1.1.10-2.fc12.noarch
Installing m17n-contrib-bengali-1.1.10-2.fc12.noarch
Installing glib2-2.22.2-2.fc12.i686
Installing dbus-libs-1.2.16-8.fc12.i686
Installing atk-1.28.0-1.fc12.i686
Installing dbus-glib-0.82-2.fc12.i686
Installing dbus-1.2.16-8.fc12.i686
Installing desktop-file-utils-0.15-8.fc12.i686
Installing hal-libs-0.5.13-9.fc12.i686
Installing libgudev1-145-12.fc12.i686
Installing shared-mime-info-0.70-3.fc12.i686
Installing telepathy-glib-0.9.0-1.fc12.i686
Installing NetworkManager-glib-0.7.996-6.git20091021.fc12.i686
Installing enchant-1.5.0-3.fc12.i686
Installing dbus-x11-1.2.16-8.fc12.i686
Installing libxklavier-4.0-5.fc12.i686
Installing ibus-libs-1.2.0.20091024-1.fc12.i686
Installing glibmm24-2.22.1-1.fc12.i686
Installing gzip-1.3.12-11.fc12.i686
Installing gamin-0.1.10-5.fc12.i686
Installing libIDL-0.8.13-2.fc12.i686
Installing ORBit2-2.14.17-3.fc12.i686
Installing libbonobo-2.24.2-2.fc12.i686
Installing libgtop2-2.28.0-1.fc12.i686
Installing gobject-introspection-0.6.5-1.fc12.i686
Installing cracklib-2.8.13-6.i686
Installing dbus-cxx-0.4.3-1.fc12.i686
Installing loudmouth-1.4.3-6.fc12.i686
Installing libbeagle-0.3.9-5.fc12.i686
Installing meanwhile-1.1.0-2.fc12.i686
Installing ModemManager-0.2-3.20090826.fc12.i686
Installing gypsy-0.7-1.fc12.i686
Installing eggdbus-0.5-2.i686
Installing obexd-0.18-1.fc12.i686
Installing dbus-c++-0.5.0-0.10.20090203git13281b3.fc12.i686
Installing dbus-qt-0.70-7.fc12.i686
Installing liblqr-1-0.4.1-1.fc12.i686
Installing lensfun-0.2.4-1.fc12.i686
Installing grubby-7.0.8-1.fc12.i686
Installing libvoikko-2.2.1-2.fc12.i686
Installing gstreamer-tools-0.10.25-1.fc12.i686
Installing gstreamer-0.10.25-1.fc12.i686
Installing gstreamer-plugins-flumpegdemux-0.10.15-8.fc12.i686
Installing libcroco-0.6.2-3.fc12.i686
Installing gmime-2.4.7-3.fc12.i686
Installing redhat-menus-12.0.1-1.fc12.noarch
Installing dbus-devel-1.2.16-8.fc12.i686
Installing libao-0.8.8-7.fc12.i686
Installing cdrdao-1.2.3-0.rc2.4.i686
Installing dbus-cxx-tools-0.4.3-1.fc12.i686
Installing nc-1.84-21.fc12.i686
Installing irqbalance-0.55-25.fc12.i686
Installing xsettings-kde-0.11-1.fc12.i686
Installing xdelta-1.1.4-7.fc12.i686
Installing htmlview-4.0.0-6.fc12.noarch
Installing gamin-devel-0.1.10-5.fc12.i686
Installing dbus-cxx-devel-0.4.3-1.fc12.i686
Installing coreutils-libs-7.6-5.fc12.i686
Installing perl-version-0.74-82.fc12.i686
Installing coreutils-7.6-5.fc12.i686
Installing jpackage-utils-1.7.5-3.8.fc12.noarch
Installing hicolor-icon-theme-0.11-1.fc12.noarch
Installing fedora-logos-12.0.3-2.fc12.noarch
Installing xdg-utils-1.0.2-14.20091016cvs.fc12.noarch
Installing sgml-common-0.6.3-30.fc12.noarch
Installing docbook-dtds-1.0-48.fc12.noarch
Installing jakarta-commons-el-1.0-18.1.fc12.noarch
Installing jakarta-commons-io-1.4-1.fc12.noarch
Installing sound-theme-freedesktop-0.7-1.fc12.noarch
Installing docbook-style-xsl-1.75.2-4.fc12.noarch
Installing icu4j-eclipse-4.0.1-3.fc12.i686
Installing pygobject2-codegen-2.20.0-1.fc12.i686
Installing jline-0.9.94-0.4.fc12.noarch
Installing rhino-1.7-0.7.r2.fc12.noarch
Installing perl-Module-Pluggable-3.90-82.fc12.i686
Installing fontconfig-2.7.3-1.fc12.i686
Installing cairo-1.8.8-3.fc12.i686
Installing openssl-1.0.0-0.10.beta3.fc12.i686
Installing qt-4.5.3-7.fc12.i686
Installing pam-1.1.0-7.fc12.i686
Installing openldap-2.4.18-5.fc12.i686
Installing libXft-2.1.13-4.fc12.i686
Installing pango-1.26.0-1.fc12.i686
Installing alsa-lib-1.0.21-3.fc12.i686
Installing gstreamer-plugins-base-0.10.25-5.fc12.i686
Installing qt3-3.3.8b-28.fc12.i686
Installing util-linux-ng-2.16-10.2.fc12.i686
Installing strigi-libs-0.7.0-1.fc12.i686
Installing qca2-2.0.2-2.fc12.i686
Installing mysql-libs-5.1.39-4.fc12.i686
Installing module-init-tools-3.9-4.fc12.i686
Installing libarchive-2.7.1-2.fc12.i686
Installing arts-1.5.10-8.fc12.i686
Installing libuser-0.56.12-1.fc12.i686
Installing net-snmp-libs-5.4.2.1-18.fc12.i686
Installing cairomm-1.8.0-2.fc12.i686
Installing poppler-0.12.1-3.fc12.i686
Installing logrotate-3.7.8-4.fc12.i686
Installing ppp-2.4.4-13.fc12.i686
Installing pangomm-2.26.0-1.fc12.i686
Installing samba-winbind-clients-3.4.2-47.fc12.i686
Installing libsmbclient-3.4.2-47.fc12.i686
Installing ConsoleKit-libs-0.4.1-1.fc12.i686
Installing wget-1.11.4-5.fc12.i686
Installing genisoimage-1.1.9-10.fc12.i686
Installing dvd+rw-tools-7.1-4.fc12.i686
Installing rsyslog-4.4.1-2.fc12.i686
Installing lvm2-2.02.53-2.fc12.i686
Installing rarian-0.8.1-5.fc12.i686
Installing rarian-compat-0.8.1-5.fc12.i686
Installing ptlib-2.6.5-1.fc12.i686
Installing tk-8.5.7-2.fc12.i686
Installing nfs-utils-lib-1.1.4-8.fc12.i686
Installing bind-libs-9.6.1-11.P1.fc12.i686
Installing libssh2-1.2-2.fc12.i686
Installing libcurl-7.19.6-10.fc12.i686
Installing php-common-5.3.0-6.fc12.i686
Installing curl-7.19.6-10.fc12.i686
Installing rpm-4.7.1-6.fc12.i686
Installing policycoreutils-2.0.74-4.fc12.i686
Installing raptor-1.4.18-5.fc12.i686
Installing rasqal-0.9.15-6.fc12.i686
Installing xmlrpc-c-client-1.16.6-3.1582.fc12.i686
Installing cmake-2.6.4-4.fc12.i686
Installing gd-2.0.35-9.fc12.i686
Installing wodim-1.1.9-10.fc12.i686
Installing rpcbind-0.2.0-4.fc12.i686
Installing ypbind-1.20.4-20.fc12.i686
Installing automoc-1.0-0.13.rc3.fc12.i686
Installing php-cli-5.3.0-6.fc12.i686
Installing php-pdo-5.3.0-6.fc12.i686
Installing gnupg-1.4.10-1.fc12.i686
Installing vorbis-tools-1.2.0-6.fc12.i686
Installing icedax-1.1.9-10.fc12.i686
Installing libtunepimp-0.5.3-16.fc12.i686
Installing tix-8.4.3-4.fc12.i686
Installing opal-3.6.6-1.fc12.i686
Installing pptp-1.7.2-8.fc12.i686
Installing dirmngr-1.0.3-3.fc12.i686
Installing gnupg2-2.0.13-1.fc12.i686
Installing gpgme-1.1.8-2.fc12.i686
Installing poppler-utils-0.12.1-3.fc12.i686
Installing passwd-0.77-1.fc12.i686
Installing usermode-1.102-1.fc12.i686
Installing setuptool-1.19.9-1.fc12.i686
Installing qca-ossl-2.0.0-0.8.beta3.fc12.i686
Installing fakeroot-1.12.2-22.fc12.i686
Installing alsa-utils-1.0.21-2.fc12.i686
Installing jack-audio-connection-kit-0.116.2-1.fc12.i686
Installing libsndfile-1.0.20-2.fc12.i686
Installing pulseaudio-libs-0.9.19-2.fc12.i686
Installing java-1.6.0-openjdk-1.6.0.0-31.b16.fc12.i686
Installing openoffice.org-ure-3.1.1-19.14.fc12.i686
Installing libcanberra-0.22-1.fc12.i686
Installing libsamplerate-0.1.7-2.fc12.i686
Installing jna-3.0.9-5.fc12.i686
Installing pulseaudio-libs-glib2-0.9.19-2.fc12.i686
Installing festival-speechtools-libs-1.2.96-16.fc12.i686
Installing festival-lib-1.96-16.fc12.i686
Installing liblastfm-0.3.0-2.fc12.i686
Installing pulseaudio-utils-0.9.19-2.fc12.i686
Installing plymouth-plugin-label-0.8.0-0.2009.29.09.18.fc12.i686
Installing plymouth-plugin-two-step-0.8.0-0.2009.29.09.18.fc12.i686
Installing xorg-x11-apps-7.4-8.fc12.i686
Installing xterm-248-2.fc12.i686
Installing sudo-1.7.1-7.fc12.i686
Installing apr-util-ldap-1.3.9-2.fc12.i686
Installing postgresql-libs-8.4.1-3.fc12.i686
Installing redland-1.0.7-10.fc12.1.i686
Installing soprano-2.3.1-1.fc12.i686
Installing akonadi-1.2.1-1.fc12.i686
Installing amarok-utils-2.2.0-2.fc12.i686
Installing kdesdk-utils-4.3.2-2.fc12.i686
Installing qt-sqlite-4.5.3-7.fc12.i686
Installing distcache-1.4.5-21.i686
Installing ntp-4.2.4p7-7.fc12.i686
Installing mysql-embedded-5.1.39-4.fc12.i686
Installing telepathy-idle-0.1.5-1.fc12.i686
Installing httpd-tools-2.2.13-4.fc12.i686
Installing htdig-3.2.0-0.8.b6.fc12.i686
Installing libmsn-4.0-0.15.beta8.fc12.i686
Installing libgadu-1.9.0-0.1.rc1.fc12.i686
Installing pkcs11-helper-1.07-4.fc12.i686
Installing openslp-1.2.1-14.fc12.i686
Installing cyrus-sasl-md5-2.1.23-4.fc12.i686
Installing nash-6.0.93-1.fc12.i686
Installing libgdiplus-2.4.2-3.fc12.i686
Installing mono-core-2.4.2.3-2.fc12.i686
Installing podofo-libs-0.7.0-3.fc12.i686
Installing opensp-1.5.2-12.fc12.i686
Installing openjade-1.3.2-35.fc12.i686
Installing audit-2.0.1-1.fc12.i686
Installing groff-1.18.1.4-18.fc12.i686
Installing man-1.6f-22.fc12.i686
Installing nscd-2.11-2.i686
Installing nss_ldap-264-8.fc12.i686
Installing sox-14.2.0-3.fc12.i686
Installing php-mysql-5.3.0-6.fc12.i686
Installing nfs-utils-1.2.0-18.fc12.i686
Installing rpm-devel-4.7.1-6.fc12.i686
Installing php-ldap-5.3.0-6.fc12.i686
Installing bind-utils-9.6.1-11.P1.fc12.i686
Installing vsftpd-2.2.0-5.fc12.i686
Installing irda-utils-0.9.18-10.fc12.i686
Installing mysql-connector-odbc-5.1.5r1144-6.fc12.i686
Installing prelink-0.4.2-4.fc12.i686
Installing oprofile-gui-0.9.5-2.fc12.i686
Installing pinentry-qt-0.7.6-4.fc12.i686
Installing openldap-clients-2.4.18-5.fc12.i686
Installing at-3.1.10-39.fc12.i686
Installing pam_ccreds-10-1.fc12.i686
Installing pam_pkcs11-0.5.3-29.i686
Installing pam_krb5-2.3.7-2.fc12.i686
Installing pam_passwdqc-1.0.5-4.fc12.i686
Installing screen-4.0.3-15.fc12.i686
Installing stunnel-4.27-5.i686
Installing tcpdump-4.0.0-3.20090921gitdf3cb4.fc12.i686
Installing pinfo-0.6.9-11.fc12.i686
Installing psacct-6.3.2-55.fc12.i686
Installing krb5-workstation-1.7-8.fc12.i686
Installing ccache-2.4-16.fc12.i686
Installing zsh-4.3.10-4.fc12.i686
Installing tigervnc-1.0.0-1.fc12.i686
Installing hwdata-0.225-3.fc12.noarch
Installing kde-filesystem-4-30.fc12.noarch
Installing fontconfig-devel-2.7.3-1.fc12.i686
Installing cairo-devel-1.8.8-3.fc12.i686
Installing mono-data-2.4.2.3-2.fc12.i686
Installing libXft-devel-2.1.13-4.fc12.i686
Installing plymouth-scripts-0.8.0-0.2009.29.09.18.fc12.i686
Installing urw-fonts-2.4-9.fc12.noarch
Installing mono-data-sqlite-2.4.2.3-2.fc12.i686
Installing constantine-backgrounds-kde-12.1.0-1.fc12.noarch
Installing constantine-kde-theme-12.1.0-1.fc12.noarch
Installing ndesk-dbus-0.6.1a-8.fc12.i686
Installing selinux-policy-3.6.32-41.fc12.noarch
Installing openssl-devel-1.0.0-0.10.beta3.fc12.i686
Installing ndesk-dbus-glib-0.4.1-8.fc12.i686
Installing plymouth-theme-charge-0.8.0-0.2009.29.09.18.fc12.i686
Installing sat4j-2.1.0-1.fc12.noarch
Installing qdox-1.9.2-2.fc12.noarch
Installing javahelp2-2.0.05-8.fc12.noarch
Installing lpg-java-compat-1.1.0-4.fc12.noarch
Installing slf4j-1.5.8-5.fc12.noarch
Installing libacl-devel-2.2.47-5.fc12.i686
Installing strigi-devel-0.7.0-1.fc12.i686
Installing ghostscript-fonts-5.50-23.fc12.noarch
Installing plymouth-system-theme-0.8.0-0.2009.29.09.18.fc12.i686
Installing selinux-policy-targeted-3.6.32-41.fc12.noarch
Installing gd-devel-2.0.35-9.fc12.i686
Installing gnome-user-docs-2.28.0-1.fc12.noarch
Installing pam-devel-1.1.0-7.fc12.i686
Installing bitmap-fonts-0.3-9.fc12.noarch
Installing fedora-release-notes-12.0.0-4.fc12.noarch
Installing grub-0.97-60.fc12.i686
Installing libpciaccess-0.10.9-1.fc12.i686
Installing pciutils-3.1.4-2.fc12.i686
Installing vbetool-1.2.2-1.fc12.i686
Installing usbutils-0.86-2.fc12.i686
Installing pciutils-devel-3.1.4-2.fc12.i686
Installing python-2.6.2-2.fc12.i686
Installing python-libs-2.6.2-2.fc12.i686
Installing initscripts-9.02-1.i686
Installing polkit-0.95-0.git20090913.3.fc12.i686
Installing libxml2-devel-2.7.6-1.fc12.i686
Installing python-bugzilla-0.5.1-3.fc12.noarch
Installing python-devel-2.6.2-2.fc12.i686
Installing system-config-firewall-base-1.2.21-1.fc12.noarch
Installing python-feedparser-4.1-10.fc12.noarch
Installing pyxdg-0.17-1.fc12.noarch
Installing mono-web-2.4.2.3-2.fc12.i686
Installing GConf2-2.28.0-2.fc12.i686
Installing udev-145-12.fc12.i686
Installing avahi-0.6.25-5.fc12.i686
Installing cups-libs-1.4.1-13.fc12.i686
Installing gtk2-2.18.3-19.fc12.i686
Installing libgcj-4.4.2-7.fc12.i686
Installing libglade2-2.6.4-3.fc12.i686
Installing gnome-keyring-2.28.1-2.fc12.i686
Installing libgnomecanvas-2.26.0-2.fc12.i686
Installing libcanberra-gtk2-0.22-1.fc12.i686
Installing unique-1.1.2-1.fc12.i686
Installing dbus-python-0.83.0-6.fc12.i686
Installing avahi-glib-0.6.25-5.fc12.i686
Installing gnome-vfs2-2.24.2-2.fc12.i686
Installing rpm-python-4.7.1-6.fc12.i686
Installing usermode-gtk-1.102-1.fc12.i686
Installing nautilus-extensions-2.28.1-2.fc12.i686
Installing libwnck-2.28.0-1.fc12.i686
Installing httpd-2.2.13-4.fc12.i686
Installing at-spi-1.28.1-1.fc12.i686
Installing totem-pl-parser-2.28.1-2.fc12.i686
Installing pygobject2-2.20.0-1.fc12.i686
Installing notification-daemon-0.4.1-0.20090923.4.fc12.i686
Installing libnotify-0.4.5-3.fc12.i686
Installing ghostscript-8.70-1.fc12.i686
Installing abrt-libs-0.0.11-1.fc12.i686
Installing abrt-0.0.11-1.fc12.i686
Installing libxml2-python-2.7.6-1.fc12.i686
Installing perl-libs-5.10.0-82.fc12.i686
Installing perl-5.10.0-82.fc12.i686
Installing glib2-devel-2.22.2-2.fc12.i686
Installing ConsoleKit-0.4.1-1.fc12.i686
Installing dbus-glib-devel-0.82-2.fc12.i686
Installing brasero-libs-2.28.2-2.fc12.i686
Installing libgnomekbd-2.28.0-2.fc12.i686
Installing python-pycurl-7.19.0-4.fc12.i686
Installing pyOpenSSL-0.9-1.fc12.i686
Installing newt-python-0.52.11-1.fc12.i686
Installing gnome-menus-2.28.0-3.fc12.i686
Installing libselinux-python-2.0.87-1.fc12.i686
Installing fipscheck-lib-1.2.0-4.fc12.i686
Installing openssh-5.2p1-31.fc12.i686
Installing perl-DBI-1.609-3.fc12.i686
Installing xscreensaver-base-5.10-2.fc12.i686
Installing perl-Compress-Raw-Zlib-2.008-82.fc12.i686
Installing gtk-sharp2-2.12.9-1.fc12.i686
Installing polkit-gnome-0.95-0.git20090913.6.fc12.i686
Installing gnome-bluetooth-libs-2.28.3-1.fc12.i686
Installing poppler-glib-0.12.1-3.fc12.i686
Installing gtkmm24-2.18.1-1.fc12.i686
Installing system-config-printer-libs-1.1.13-6.fc12.i686
Installing gdb-7.0-3.fc12.i686
Installing python-simplejson-2.0.9-3.fc12.i686
Installing yum-metadata-parser-1.1.2-14.fc12.i686
Installing pycairo-1.8.6-2.fc12.i686
Installing pygtk2-2.16.0-1.fc12.i686
Installing pygtk2-libglade-2.16.0-1.fc12.i686
Installing festival-1.96-16.fc12.i686
Installing gnome-icon-theme-2.28.0-1.fc12.noarch
Installing gnome-python2-2.28.0-1.fc12.i686
Installing python-slip-0.2.7-1.fc12.noarch
Installing pango-devel-1.26.0-1.fc12.i686
Installing autoconf-2.63-3.fc12.noarch
Installing automake-1.11-3.fc12.noarch
Installing python-slip-dbus-0.2.7-1.fc12.noarch
Installing python-urlgrabber-3.9.1-2.fc12.noarch
Installing perl-devel-5.10.0-82.fc12.i686
Installing perl-ExtUtils-MakeMaker-6.36-82.fc12.i686
Installing perl-URI-1.40-1.fc12.noarch
Installing gnome-python2-extras-2.25.3-13.fc12.2.i686
Installing libIDL-devel-0.8.13-2.fc12.i686
Installing alsa-lib-devel-1.0.21-3.fc12.i686
Installing perl-Error-0.17015-3.fc12.noarch
Installing kdelibs-common-4.3.2-4.fc12.i686
Installing perl-IO-Compress-Base-2.008-82.fc12.i686
Installing perl-IO-Compress-Zlib-2.008-82.fc12.i686
Installing perl-Compress-Zlib-2.008-82.fc12.i686
Installing perl-IO-Zlib-1.07-82.fc12.i686
Installing libogg-devel-1.1.4-2.fc12.i686
Installing libtool-2.2.6-15.fc12.i686
Installing gnome-doc-utils-0.18.0-1.fc12.noarch
Installing python-slip-gtk-0.2.7-1.fc12.noarch
Installing pycairo-devel-1.8.6-2.fc12.i686
Installing mono-addins-0.4-9.20091702svn127062.fc12.i686
Installing perl-Archive-Zip-1.30-1.fc12.noarch
Installing plague-common-0.4.5.7-6.20090612cvs.fc12.noarch
Installing papyon-0.4.2-1.fc12.noarch
Installing redhat-rpm-config-9.0.3-18.fc12.noarch
Installing perl-Time-modules-2006.0814-5.fc12.noarch
Installing perl-ExtUtils-ParseXS-2.18-82.fc12.i686
Installing perl-SGMLSpm-1.03ii-20.fc12.noarch
Installing docbook-style-dsssl-1.79-8.fc12.noarch
Installing w3m-0.5.2-15.fc12.i686
Installing docbook-utils-0.6.14-21.fc12.noarch
Installing gtk-doc-1.11-5.fc12.noarch
Installing atk-devel-1.28.0-1.fc12.i686
Installing perl-Pod-Simple-3.07-82.fc12.i686
Installing perl-Package-Constants-0.01-82.fc12.i686
Installing perl-Archive-Tar-1.46-82.fc12.i686
Installing perl-Test-Harness-3.16-82.fc12.i686
Installing perl-HTML-Tagset-3.20-3.fc12.noarch
Installing perl-HTML-Parser-3.64-1.fc12.i686
Installing perl-libwww-perl-5.831-1.fc12.noarch
Installing perl-Net-SSLeay-1.35-7.fc12.i686
Installing perl-XML-RegExp-0.03-6.fc12.noarch
Installing perl-TimeDate-1.16-11.fc12.noarch
Installing perl-MailTools-2.04-3.fc12.noarch
Installing perl-Class-Singleton-1.4-5.fc12.noarch
Installing at-spi-python-1.28.1-1.fc12.i686
Installing python-telepathy-0.15.11-1.fc12.noarch
Installing telepathy-butterfly-0.5.1-1.fc12.noarch
Installing unicap-0.9.5-3.fc12.i686
Installing avahi-devel-0.6.25-5.fc12.i686
Installing media-player-info-3-1.fc12.noarch
Installing libxslt-devel-1.1.26-1.fc12.i686
Installing python-dns-1.7.1-2.fc12.noarch
Installing dnssec-conf-1.21-5.fc12.noarch
Installing python-offtrac-0.0.3-1.fc12.noarch
Installing spambayes-1.0.4-9.fc12.noarch
Installing python-decoratortools-1.7-4.fc12.noarch
Installing python-httplib2-0.4.0-4.fc12.noarch
Installing python-BeautifulSoup-3.0.7a-2.fc12.noarch
Installing python-iniparse-0.3.0-3.fc12.noarch
Installing python-sqlalchemy-0.5.5-2.fc12.noarch
Installing python-decorator-3.0.1-3.fc12.noarch
Installing python-fedora-0.3.16-1.fc12.1.noarch
Installing python-paste-1.7.2-4.fc12.noarch
Installing smolt-1.4-4.fc12.noarch
Installing mono-winforms-2.4.2.3-2.fc12.i686
Installing festvox-slt-arctic-hts-0.20061229-16.fc12.noarch
Installing gtk2-devel-2.18.3-19.fc12.i686
Installing ORBit2-devel-2.14.17-3.fc12.i686
Installing gnome-python2-canvas-2.28.0-1.fc12.i686
Installing perl-XML-Parser-2.36-6.fc12.i686
Installing gnome-python2-gnomevfs-2.28.0-1.fc12.i686
Installing gnome-speech-0.4.25-3.fc12.i686
Installing gnome-python2-gconf-2.28.0-1.fc12.i686
Installing openssh-clients-5.2p1-31.fc12.i686
Installing rpm-build-4.7.1-6.fc12.i686
Installing cvs-1.11.23-8.fc12.i686
Installing gettext-0.17-15.fc12.i686
Installing mysql-5.1.39-4.fc12.i686
Installing perl-Digest-SHA1-2.12-1.fc12.i686
Installing perl-Params-Validate-0.91-3.fc12.i686
Installing libspectre-0.2.2-3.fc12.i686
Installing evince-libs-2.28.1-5.fc12.i686
Installing zenity-2.28.0-1.fc12.i686
Installing metacity-2.28.0-9.fc12.i686
Installing notify-python-0.1.1-8.fc12.i686
Installing avahi-gobject-0.6.25-5.fc12.i686
Installing gnome-keyring-pam-2.28.1-2.fc12.i686
Installing hamcrest-1.1-9.2.fc12.i686
Installing gtksourceview2-2.8.1-1.fc12.i686
Installing gimp-libs-2.6.7-2.fc12.i686
Installing obex-data-server-0.4.3-4.fc12.i686
Installing libgxim-0.3.3-3.fc12.i686
Installing imsettings-libs-0.107.4-2.fc12.i686
Installing pinentry-gtk-0.7.6-4.fc12.i686
Installing mdadm-3.0.2-1.fc12.i686
Installing gpsd-2.39-5.fc12.i686
Installing telepathy-mission-control-5.2.5-2.fc12.i686
Installing gconfmm26-2.28.0-1.fc12.i686
Installing libgsf-1.14.15-4.fc12.i686
Installing librsvg2-2.26.0-3.fc12.i686
Installing kbd-1.15-9.fc12.i686
Installing pm-utils-1.2.5-6.fc12.i686
Installing DeviceKit-power-012-2.fc12.i686
Installing dhclient-4.1.0p1-12.fc12.i686
Installing cyrus-sasl-2.1.23-4.fc12.i686
Installing sendmail-8.14.3-8.fc12.i686
Installing cronie-1.4.3-2.fc12.i686
Installing python-crypto-2.0.1-19.i686
Installing python-ethtool-0.3-5.fc12.i686
Installing python-imaging-1.1.6-17.fc12.i686
Installing libuser-python-0.56.12-1.fc12.i686
Installing sip-4.8.2-2.fc12.i686
Installing audit-libs-python-2.0.1-1.fc12.i686
Installing cronie-anacron-1.4.3-2.fc12.i686
Installing cyrus-sasl-devel-2.1.23-4.fc12.i686
Installing gegl-0.1.0-2.fc12.i686
Installing ImageMagick-6.5.4.7-3.fc12.i686
Installing libwpd-0.8.14-4.fc12.i686
Installing DeviceKit-disks-009-3.fc12.i686
Installing gnome-disk-utility-libs-2.28.1-1.fc12.i686
Installing gnome-disk-utility-ui-libs-2.28.1-1.fc12.i686
Installing pygtksourceview-2.8.0-1.fc12.i686
Installing junit4-4.5-5.1.fc12.i686
Installing gettext-devel-0.17-15.fc12.i686
Installing bind-9.6.1-11.P1.fc12.i686
Installing opencv-1.1.0-0.7.pre1.fc12.i686
Installing gtkhtml3-3.28.0-1.fc12.i686
Installing gstreamer-python-0.10.16-1.fc12.i686
Installing system-config-printer-udev-1.1.13-6.fc12.i686
Installing xscreensaver-extras-5.10-2.fc12.i686
Installing perl-DBD-MySQL-4.013-2.fc12.i686
Installing authconfig-5.4.13-1.fc12.i686
Installing brasero-2.28.2-2.fc12.i686
Installing ConsoleKit-x11-0.4.1-1.fc12.i686
Installing xorg-x11-xinit-1.0.9-12.fc12.i686
Installing xdg-user-dirs-0.11-2.fc12.i686
Installing imsettings-0.107.4-2.fc12.i686
Installing xorg-x11-xdm-1.1.6-14.fc12.i686
Installing libfprint-0.1.0-12.pre2.fc12.i686
Installing fprintd-0.1-15.git04fd09cfa.fc12.i686
Installing fprintd-pam-0.1-15.git04fd09cfa.fc12.i686
Installing gobject-introspection-devel-0.6.5-1.fc12.i686
Installing valgrind-3.5.0-9.i686
Installing perl-suidperl-5.10.0-82.fc12.i686
Installing perl-File-RsyncP-0.68-6.fc12.i686
Installing perl-Newt-1.08-24.fc12.i686
Installing net-snmp-5.4.2.1-18.fc12.i686
Installing perl-BSD-Resource-1.29.03-1.fc12.i686
Installing perl-NetAddr-IP-4.027-1.fc12.i686
Installing hunspell-devel-1.2.8-12.fc12.i686
Installing perl-Socket6-0.23-2.fc12.i686
Installing perl-Net-LibIDN-0.12-2.fc12.i686
Installing perl-Digest-SHA-5.47-82.fc12.i686
Installing perl-Crypt-OpenSSL-Bignum-0.04-8.fc12.i686
Installing perl-Crypt-OpenSSL-Random-0.04-9.fc12.i686
Installing perl-Crypt-OpenSSL-RSA-0.25-10.fc12.i686
Installing perl-List-MoreUtils-0.22-9.fc12.i686
Installing perl-DateTime-0.4501-3.fc12.i686
Installing abrt-addon-python-0.0.11-1.fc12.i686
Installing abrt-plugin-logger-0.0.11-1.fc12.i686
Installing abrt-plugin-sqlite3-0.0.11-1.fc12.i686
Installing abrt-plugin-bugzilla-0.0.11-1.fc12.i686
Installing abrt-plugin-kerneloopsreporter-0.0.11-1.fc12.i686
Installing abrt-addon-kerneloops-0.0.11-1.fc12.i686
Installing gutenprint-5.2.4-7.fc12.i686
Installing notification-daemon-engine-slider-0.2.0-1.fc12.i686
Installing gnome-mag-0.15.9-1.fc12.i686
Installing gnome-python2-libwnck-2.28.0-1.fc12.i686
Installing gtkhtml2-2.11.1-6.fc12.i686
Installing gnome-python2-gtkhtml2-2.25.3-13.fc12.2.i686
Installing avahi-ui-0.6.25-5.fc12.i686
Installing iok-1.3.8-1.fc12.i686
Installing gucharmap-2.28.1-1.fc12.i686
Installing gtk2-engines-2.18.4-4.fc12.i686
Installing openconnect-2.01-3.fc12.i686
Installing libwmf-0.2.8.4-21.fc12.i686
Installing gimp-2.6.7-2.fc12.i686
Installing GConf2-gtk-2.28.0-2.fc12.i686
Installing vte-0.22.2-1.fc12.i686
Installing gnome-utils-libs-2.28.1-3.fc12.i686
Installing gtkspell-2.0.15-2.fc12.i686
Installing libopenraw-gnome-0.0.5-4.fc12.i686
Installing kasumi-2.5-1.fc12.i686
Installing gtk-vnc-0.3.10-1.fc12.i686
Installing gir-repository-0.6.5-2.fc12.i686
Installing paps-0.6.8-11.fc12.i686
Installing cups-1.4.1-13.fc12.i686
Installing ptouch-driver-1.3-2.fc12.i686
Installing mod_dnssd-0.6-2.fc11.i586
Installing avahi-qt3-0.6.25-5.fc12.i686
Installing openvpn-2.1-0.37.rc20.fc12.i686
Installing crda-1.1.0_2009.09.08-2.fc12.i686
Installing wireless-tools-29-5.1.fc12.i686
Installing python-iwlib-0.1-1.fc12.i686
Installing rtkit-0.4-1.fc12.i686
Installing dnsmasq-2.48-4.fc12.i686
Installing samba-common-3.4.2-47.fc12.i686
Installing samba-client-3.4.2-47.fc12.i686
Installing python-psyco-1.6-4.fc12.i686
Installing python-enchant-1.3.1-5.fc12.i686
Installing python-magic-5.03-9.fc12.i686
Installing pygpgme-0.1-17.20090824bzr68.fc12.i686
Installing libsemanage-python-2.0.39-1.fc12.i686
Installing mx-3.1.1-5.fc12.i686
Installing wpa_supplicant-0.6.8-6.fc12.i686
Installing NetworkManager-0.7.996-6.git20091021.fc12.i686
Installing python-deltarpm-3.5-0.4.20090913git.fc12.i686
Installing libchewing-0.3.2-16.fc12.i686
Installing python-krbV-1.0.13-10.fc12.i686
Installing tkinter-2.6.2-2.fc12.i686
Installing pyxf86config-0.3.37-7.fc12.i686
Installing gamin-python-0.1.10-5.fc12.i686
Installing pyorbit-2.24.0-4.fc12.i686
Installing fipscheck-1.2.0-4.fc12.i686
Installing NetworkManager-pptp-0.7.996-4.git20090921.fc12.i686
Installing NetworkManager-gnome-0.7.996-6.git20091021.fc12.i686
Installing NetworkManager-openvpn-0.7.996-4.git20090923.fc12.i686
Installing NetworkManager-vpnc-0.7.996-4.git20090921.fc12.i686
Installing NetworkManager-openconnect-0.7.996-4.git20090921.fc12.i686
Installing gnome-user-share-2.28.1-2.fc12.i686
Installing gutenprint-cups-5.2.4-7.fc12.i686
Installing bluez-cups-4.57-2.fc12.i686
Installing gnome-terminal-2.28.1-1.fc12.i686
Installing mod_perl-2.0.4-9.i686
Installing crypto-utils-2.4.1-24.i686
Installing xdg-user-dirs-gtk-0.8-4.fc12.i686
Installing brasero-nautilus-2.28.2-2.fc12.i686
Installing mysql-server-5.1.39-4.fc12.i686
Installing gnome-disk-utility-2.28.1-1.fc12.i686
Installing gnome-system-monitor-2.28.0-3.fc12.i686
Installing evince-2.28.1-5.fc12.i686
Installing evince-djvu-2.28.1-5.fc12.i686
Installing libdbi-dbd-mysql-0.8.3-5.fc12.i686
Installing gok-2.28.1-1.fc12.i686
Installing squid-3.1.0.14-1.fc12.i686
Installing openssh-server-5.2p1-31.fc12.i686
Installing openssh-askpass-5.2p1-31.fc12.i686
Installing numactl-2.0.3-7.fc12.i686
Installing patchutils-0.3.1-3.fc12.i686
Installing doxygen-1.6.1-1.fc12.i686
Installing vim-enhanced-7.2.245-3.fc12.i686
Installing bonnie++-1.03e-3.fc12.i686
Installing transmission-1.76-1.fc12.i686
Installing totem-mozplugin-2.28.2-2.fc12.i686
Installing mod_python-3.3.1-11.i686
Installing mod_ssl-2.2.13-4.fc12.i686
Installing webalizer-2.21_02-3.i686
Installing php-5.3.0-6.fc12.i686
Installing file-roller-2.28.1-2.fc12.i686
Installing gcalctool-5.28.1-1.fc12.i686
Installing nspluginwrapper-1.3.0-8.fc12.i686
Installing jigdo-0.7.3-9.fc12.i686
Installing gtk2-immodule-xim-2.18.3-19.fc12.i686
Installing cups-pk-helper-0.0.4-7.fc12.i686
Installing quota-3.17-8.fc12.i686
Installing rng-utils-2.0-4.fc12.i686
Installing readahead-1.5.4-1.fc12.i686
Installing microcode_ctl-1.17-1.53.fc12.1.i686
Installing smartmontools-5.38-21.fc12.i686
Installing dovecot-1.2.6-4.fc12.i686
Installing ipsec-tools-0.7.3-4.fc12.i686
Installing python-ldap-2.3.6-3.fc12.i686
Installing mercurial-1.3.1-3.fc12.i686
Installing MySQL-python-1.2.3-0.3.c1.fc12.i686
Installing nmap-5.00-3.fc12.i686
Installing yum-3.2.25-1.fc12.noarch
Installing GConf2-devel-2.28.0-2.fc12.i686
Installing libbonobo-devel-2.24.2-2.fc12.i686
Installing libglade2-devel-2.6.4-3.fc12.i686
Installing libgnomecanvas-devel-2.26.0-2.fc12.i686
Installing gnome-themes-2.28.1-2.fc12.noarch
Installing kde-settings-4.3-12.noarch
Installing gnome-python2-desktop-2.28.0-1.fc12.i686
Installing koji-1.3.1-3.fc12.noarch
Installing policycoreutils-python-2.0.74-4.fc12.i686
Installing rpmlint-0.91-1.fc12.noarch
Installing system-config-network-tui-1.5.99-1.fc12.noarch
Installing system-config-users-1.2.94-1.fc12.noarch
Installing rpmdevtools-7.5-1.fc12.noarch
Installing system-config-date-1.9.53-1.fc12.noarch
Installing system-config-firewall-tui-1.2.21-1.fc12.noarch
Installing bodhi-client-0.6.1-2.fc12.noarch
Installing fedora-icon-theme-1.0.0-6.fc12.noarch
Installing fedora-gnome-theme-12.3-2.fc12.noarch
Installing yum-utils-1.1.23-3.fc12.noarch
Installing mock-0.9.19-1.fc12.noarch
Installing createrepo-0.9.8-2.fc12.noarch
Installing python-meh-0.7-1.fc12.noarch
Installing anaconda-yum-plugins-1.0-5.fc12.noarch
Installing preupgrade-1.1.0-3.fc12.noarch
Installing system-config-services-0.99.41-1.fc12.noarch
Installing python-logilab-common-0.45.0-1.fc12.noarch
Installing python-logilab-astng-0.19.1-1.fc12.noarch
Installing pylint-0.18.1-1.fc12.noarch
Installing perl-DateTime-Format-Mail-0.3001-5.fc12.noarch
Installing perl-DateTime-Format-W3CDTF-0.04-7.fc12.noarch
Installing perl-XML-RSS-1.45-1.fc12.noarch
Installing perl-IO-Socket-SSL-1.31-1.fc12.noarch
Installing perl-IO-Socket-INET6-2.56-2.fc12.noarch
Installing pygobject2-devel-2.20.0-1.fc12.i686
Installing kde-settings-kdm-4.3-12.noarch
Installing authconfig-gtk-5.4.13-1.fc12.i686
Installing sip-devel-4.8.2-2.fc12.i686
Installing python-paramiko-1.7.5-2.fc12.noarch
Installing perl-Digest-HMAC-1.01-21.fc12.noarch
Installing perl-XML-DOM-1.44-6.fc12.noarch
Installing gnome-keyring-devel-2.28.1-2.fc12.i686
Installing libnotify-devel-0.4.5-3.fc12.i686
Installing pygtk2-devel-2.16.0-1.fc12.i686
Installing BackupPC-3.1.0-9.fc12.noarch
Installing fedora-packager-0.3.8-1.fc12.noarch
Installing system-config-firewall-1.2.21-1.fc12.noarch
Installing at-spi-devel-1.28.1-1.fc12.i686
Installing system-config-language-1.3.3-3.fc12.noarch
Installing yum-presto-0.6.1-1.fc12.noarch
Installing printer-filters-1.1-4.fc12.noarch
Installing gimp-data-extras-2.0.2-3.fc12.noarch
Installing bind-chroot-9.6.1-11.P1.fc12.i686
Installing intltool-0.41.0-1.fc12.noarch
Installing openldap-devel-2.4.18-5.fc12.i686
Installing bittorrent-4.4.0-13.fc12.noarch
Installing sendmail-cf-8.14.3-8.fc12.i686
Installing system-config-lvm-1.1.10-1.fc12.noarch
Installing smolt-firstboot-1.4-4.fc12.noarch
Installing gtk2-devel-docs-2.18.3-19.fc12.i686
Installing libgtop2-devel-2.28.0-1.fc12.i686
Installing plague-client-0.4.5.7-6.20090612cvs.fc12.noarch
Installing libvorbis-devel-1.2.3-3.fc12.i686
Installing libcurl-devel-7.19.6-10.fc12.i686
Installing automake17-1.7.9-13.noarch
Installing system-config-boot-0.4.1-1.fc12.i686
Installing gypsy-devel-0.7-1.fc12.i686
Installing libuser-devel-0.56.12-1.fc12.i686
Installing automake15-1.5-27.noarch
Installing automake16-1.6.3-18.noarch
Installing automake14-1.4p6-19.fc12.noarch
Installing perl-Perlilog-0.3-3.fc12.noarch
Installing sos-1.8-16.fc12.noarch
Installing httpd-manual-2.2.13-4.fc12.noarch
Installing b43-openfwwf-5.2-2.fc12.noarch
Installing libgnome-2.28.0-1.fc12.i686
Installing libbonoboui-2.24.2-2.fc12.i686
Installing libgnomeui-2.24.1-3.fc12.i686
Installing gnome-panel-libs-2.28.0-13.fc12.i686
Installing kdelibs3-3.5.10-19.fc12.i686
Installing gnome-python2-gnome-2.28.0-1.fc12.i686
Installing gnome-desktop-2.28.1-2.fc12.i686
Installing xulrunner-1.9.1.4-1.fc12.i686
Installing yelp-2.28.0-1.fc12.i686
Installing gnome-python2-bonobo-2.28.0-1.fc12.i686
Installing kdnssd-avahi-0.1.3-0.9.20080116svn.fc12.i686
Installing gnome-python2-gnomekeyring-2.28.0-1.fc12.i686
Installing gnome-settings-daemon-2.28.1-5.fc12.i686
Installing gnome-pilot-2.0.17-6.fc12.i686
Installing perl-Net-DNS-0.65-1.fc12.i686
Installing abrt-gui-0.0.11-1.fc12.i686
Installing gnome-python2-libegg-2.25.3-13.fc12.2.i686
Installing gnome-python2-applet-2.28.0-1.fc12.i686
Installing kdebase3-pim-ioslaves-3.5.10-14.fc12.i686
Installing libgail-gnome-1.20.1-4.fc12.i686
Installing libpanelappletmm-2.26.0-2.fc12.i686
Installing im-chooser-1.2.7-1.fc12.i686
Installing gnome-sharp-2.24.0-7.fc12.i686
Installing abrt-addon-ccpp-0.0.11-1.fc12.i686
Installing f-spot-0.6.1.3-2.fc12.i686
Installing gnote-0.6.2-1.fc12.i686
Installing kftpgrabber-0.8.1-11.fc12.i686
Installing java-1.6.0-openjdk-plugin-1.6.0.0-31.b16.fc12.i686
Installing eog-2.28.1-1.fc12.i686
Installing kdbg-2.1.1-3.fc12.i686
Installing mousetweaks-2.28.1-1.fc12.i686
Installing vinagre-2.28.1-1.fc12.i686
Installing gnome-utils-2.28.1-3.fc12.i686
Installing dasher-4.10.1-2.fc12.i686
Installing gthumb-2.10.11-6.fc12.i686
Installing planner-0.14.4-3.fc12.i686
Installing krb5-auth-dialog-0.13-2.fc12.i686
Installing bzr-2.0.1-1.fc12.i686
Installing gedit-2.28.0-1.fc12.i686
Installing perl-Mail-DKIM-0.37-1.fc12.noarch
Installing abrt-desktop-0.0.11-1.fc12.i686
Installing system-config-printer-1.1.13-6.fc12.i686
Installing system-config-network-1.5.99-1.fc12.noarch
Installing system-config-date-docs-1.0.8-1.fc12.noarch
Installing system-config-users-docs-1.0.7-1.fc12.noarch
Installing system-config-services-docs-1.1.7-1.fc12.noarch
Installing firefox-3.5.4-1.fc12.i686
Installing policycoreutils-gui-2.0.74-4.fc12.i686
Installing spamassassin-3.3.0-0.18.svn816416.fc12.i686
Installing java-1.5.0-gcj-1.5.0.0-29.fc12.i686
Installing setroubleshoot-plugins-2.1.29-1.fc12.noarch
Installing hal-info-20090716-3.fc12.noarch
Installing fedora-screensaver-theme-1.0.0-5.fc12.noarch
Installing perl-Git-1.6.5.2-1.fc12.noarch
Installing firstboot-1.110-1.fc12.i686
Installing system-config-keyboard-1.3.1-1.fc12.i686
Installing jakarta-commons-logging-1.0.4-9.8.fc12.i686
Installing xml-commons-apis-1.3.04-3.5.fc12.i686
Installing hal-0.5.13-9.fc12.i686
Installing libdrm-2.4.15-4.fc12.i686
Installing ibus-1.2.0.20091024-1.fc12.i686
Installing junit-3.8.2-6.4.fc12.i686
Installing jakarta-commons-codec-1.3-11.4.fc12.i686
Installing PackageKit-glib-0.5.4-0.1.20091029git.fc12.i686
Installing jakarta-commons-httpclient-3.1-0.5.fc12.i686
Installing jakarta-commons-collections-3.2.1-3.fc12.i686
Installing jakarta-oro-2.0.8-6.3.fc12.i686
Installing classpathx-jaf-1.0-15.1.fc12.i686
Installing classpathx-mail-1.1.1-9.1.fc12.i686
Installing pcsc-lite-1.5.2-3.fc12.i686
Installing jakarta-commons-beanutils-1.7.0-12.3.fc12.i686
Installing libgpod-0.7.2-5.fc12.i686
Installing regexp-1.5-4.2.fc12.i686
Installing lucene-2.3.1-5.5.fc12.i686
Installing sane-backends-libs-1.0.20-10.fc12.i686
Installing plymouth-0.8.0-0.2009.29.09.18.fc12.i686
Installing gnome-media-libs-2.28.1-3.fc12.i686
Installing hplip-libs-3.9.8-21.fc12.i686
Installing bcel-5.2-7.1.fc12.i686
Installing jakarta-commons-digester-1.7-10.3.fc12.i686
Installing libmtp-1.0.1-1.fc12.i686
Installing antlr-2.7.7-6.fc12.i686
Installing jakarta-commons-pool-1.3-12.5.fc12.i686
Installing xorg-x11-drv-evdev-2.3.0-1.fc12.i686
Installing setroubleshoot-server-2.2.42-1.fc12.i686
Installing PackageKit-gtk-module-0.5.4-0.1.20091029git.fc12.i686
Installing ifd-egate-0.05-22.i686
Installing git-1.6.5.2-1.fc12.i686
Installing hpijs-3.9.8-21.fc12.i686
Installing plymouth-utils-0.8.0-0.2009.29.09.18.fc12.i686
Installing lucene-contrib-2.3.1-5.5.fc12.i686
Installing ccid-1.3.9-2.fc12.i686
Installing coolkey-1.1.0-11.fc12.i686
Installing rdesktop-1.6.0-7.fc12.i686
Installing PackageKit-device-rebind-0.5.4-0.1.20091029git.fc12.i686
Installing mesa-dri-drivers-7.6-0.13.fc12.i686
Installing mesa-libGL-7.6-0.13.fc12.i686
Installing mesa-libGLU-7.6-0.13.fc12.i686
Installing xine-lib-1.1.16.3-4.fc12.i686
Installing clutter-1.0.6-1.fc12.i686
Installing clutter-gtk-0.10.2-1.fc12.i686
Installing xscreensaver-gl-base-5.10-2.fc12.i686
Installing xscreensaver-gl-extras-5.10-2.fc12.i686
Installing eclipse-swt-3.5.1-4.fc12.i686
Installing eclipse-rcp-3.5.1-4.fc12.i686
Installing glx-utils-7.6-0.13.fc12.i686
Installing compiz-0.8.2-19.fc12.i686
Installing fedora-setup-keyboard-0.4-3.fc12.i686
Installing sinjdoc-0.5-9.fc12.i686
Installing jakarta-commons-fileupload-1.0-9.3.fc12.i686
Installing jakarta-commons-launcher-1.1-4.4.fc12.i686
Installing java_cup-0.10k-3.i686
Installing jakarta-commons-lang-2.3-4.3.fc12.i686
Installing ws-commons-util-1.0.1-12.fc12.i686
Installing sac-1.3-5.fc12.i686
Installing libreadline-java-0.8.0-24.fc12.i686
Installing swing-layout-1.0.3-4.fc12.i686
Installing hsqldb-1.8.0.10-4.fc12.i686
Installing jzlib-1.0.7-7.3.fc12.i686
Installing trilead-ssh2-213-6.fc12.i686
Installing sane-backends-1.0.20-10.fc12.i686
Installing libproxy-bin-0.2.3-12.fc12.i686
Installing k3b-libs-1.0.5-10.fc12.i686
Installing ibus-gtk-1.2.0.20091024-1.fc12.i686
Installing gnome-media-2.28.1-3.fc12.i686
Installing jsch-0.1.41-2.fc12.noarch
Installing jakarta-commons-net-2.0-2.fc12.noarch
Installing batik-1.7-6.fc12.noarch
Installing netbeans-platform-6.7.1-2.fc12.noarch
Installing jakarta-commons-dbcp-1.2.1-13.7.fc12.noarch
Installing dracut-002-13.4.git8f397a9b.fc12.noarch
Installing libdrm-devel-2.4.15-4.fc12.i686
Installing mesa-libGL-devel-7.6-0.13.fc12.i686
Installing mesa-libGLU-devel-7.6-0.13.fc12.i686
Installing hal-devel-0.5.13-9.fc12.i686
Installing gnome-vfs2-devel-2.24.2-2.fc12.i686
Installing libgnome-devel-2.28.0-1.fc12.i686
Installing objectweb-asm-3.1-7.1.fc12.noarch
Installing jakarta-commons-discovery-0.4-5.3.fc12.noarch
Installing xmlgraphics-commons-1.3-3.noarch
Installing kernel-PAE-2.6.31.5-127.fc12.i686
W: Possible missing firmware aic94xx-seq.fw for module aic94xx.ko
W: Possible missing firmware ql8100_fw.bin for module qla2xxx.ko
Installing pulseaudio-0.9.19-2.fc12.i686
Installing qt3-devel-3.3.8b-28.fc12.i686
Installing libbonoboui-devel-2.24.2-2.fc12.i686
Installing java-1.6.0-openjdk-devel-1.6.0.0-31.b16.fc12.i686
Installing qt3-designer-3.3.8b-28.fc12.i686
Installing arts-devel-1.5.10-8.fc12.i686
Installing pulseaudio-module-x11-0.9.19-2.fc12.i686
Installing alsa-plugins-pulseaudio-1.0.21-2.fc12.i686
Installing fuse-2.8.1-1.fc12.i686
Installing systemtap-runtime-1.0-2.fc12.i686
Installing systemtap-1.0-2.fc12.i686
Installing pulseaudio-module-gconf-0.9.19-2.fc12.i686
Installing pcmciautils-015-4.fc12.i686
Installing sysprof-1.1.2-3.fc12.i686
Installing xine-lib-pulseaudio-1.1.16.3-4.fc12.i686
Installing hplip-3.9.8-21.fc12.i686
Installing PackageKit-gstreamer-plugin-0.5.4-0.1.20091029git.fc12.i686
Installing ibus-m17n-1.2.0.20090617-5.fc12.i686
Installing ibus-chewing-1.2.0.20091002-1.fc12.i686
Installing ibus-hangul-1.2.0.20090617-2.fc12.i686
Installing ibus-rawcode-1.2.0.20090703-2.fc12.i686
Installing ibus-anthy-1.2.0.20090917-2.fc12.i686
Installing gnome-power-manager-2.28.1-5.fc12.i686
Installing libgnomeui-devel-2.24.1-3.fc12.i686
Installing gnome-pilot-devel-2.0.17-6.fc12.i686
Installing gnome-desktop-devel-2.28.1-2.fc12.i686
Installing kde-settings-pulseaudio-4.3-12.noarch
Installing SDL-devel-1.2.13-10.fc12.i686
Installing coolkey-devel-1.1.0-11.fc12.i686
Installing ibus-pinyin-1.2.0.20090915-1.fc12.noarch
Installing xulrunner-devel-1.9.1.4-1.fc12.i686
Installing gnome-panel-devel-2.28.0-13.fc12.i686
Installing qt-x11-4.5.3-7.fc12.i686
Installing phonon-4.3.1-102.fc12.i686
Installing kdelibs-4.3.2-4.fc12.i686
Installing kdepimlibs-4.3.2-1.fc12.i686
Installing xerces-j2-2.7.1-12.3.fc12.i686
Installing ant-1.7.1-12.fc12.i686
Installing ant-nodeps-1.7.1-12.fc12.i686
Installing kdebase-workspace-libs-4.3.2-1.fc12.i686
Installing qimageblitz-0.0.4-0.6.svn706674.fc12.i686
Installing xalan-j2-2.7.0-9.5.fc12.i686
Installing kdelibs-experimental-4.3.2-1.fc12.i686
Installing kdegraphics-libs-4.3.2-3.fc12.i686
Installing log4j-1.2.14-6.3.fc12.i686
Installing kdebase-runtime-4.3.2-4.fc12.i686
Installing webkitkde-0.0.1-0.2.20090924svn.fc12.i686
Installing libproxy-0.2.3-12.fc12.i686
Installing libsoup-2.28.1-1.fc12.i686
Installing gssdp-0.7.0-2.fc12.i686
Installing gvfs-1.4.1-3.fc12.i686
Installing gupnp-0.13.1-1.fc12.i686
Installing libgweather-2.28.0-2.fc12.i686
Installing evolution-data-server-2.28.0-1.fc12.i686
Installing neon-0.29.0-3.fc12.i686
Installing gstreamer-plugins-good-0.10.16-7.fc12.i686
Installing xml-commons-resolver-1.1-4.16.fc12.i686
Installing subversion-1.6.5-2.fc12.i686
Installing control-center-2.28.1-4.fc12.i686
Installing gnome-session-2.28.0-2.fc12.i686
Installing libchamplain-0.4.2-1.fc12.i686
Installing geoclue-0.11.1.1-0.9.20091026git73b6729.fc12.i686
Installing webkitgtk-1.1.15.3-1.fc12.i686
Installing webkitpart-0.0.1-0.2.20090924svn.fc12.i686
Installing qt-devel-4.5.3-7.fc12.i686
Installing devhelp-2.28.1-1.fc12.i686
Installing libchamplain-gtk-0.4.2-1.fc12.i686
Installing subversion-javahl-1.6.5-2.fc12.i686
Installing libmusicbrainz3-3.0.2-6.fc12.i686
Installing gupnp-igd-0.1.3-3.fc12.i686
Installing xmldb-api-0.1-0.4.20011111cvs.1.3.fc12.i686
Installing kdebase-libs-4.3.2-3.fc12.i686
Installing wsdl4j-1.5.2-7.6.fc12.i686
Installing kdepimlibs-akonadi-4.3.2-1.fc12.i686
Installing kdemultimedia-libs-4.3.2-1.fc12.i686
Installing PyQt4-4.5.4-1.fc12.i686
Installing PyKDE4-4.3.2-1.fc12.i686
Installing qzion-0.4.0-3.fc12.i686
Installing xorg-x11-drv-vesa-2.2.1-1.fc12.i686
Installing kdebase3-3.5.10-14.fc12.i686
Installing kdelibs3-devel-3.5.10-19.fc12.i686
Installing k3b-1.0.5-10.fc12.i686
Installing phonon-backend-xine-4.3.1-102.fc12.i686
Installing gnome-screensaver-2.28.0-6.fc12.i686
Installing libsoup-devel-2.28.1-1.fc12.i686
Installing gssdp-devel-0.7.0-2.fc12.i686
Installing libgweather-devel-2.28.0-2.fc12.i686
Installing phonon-devel-4.3.1-102.fc12.i686
Installing gnome-session-xsession-2.28.0-2.fc12.i686
Installing libproxy-python-0.2.3-12.fc12.i686
Installing kdnssd-avahi-devel-0.1.3-0.9.20080116svn.fc12.i686
Installing k3b-common-1.0.5-10.fc12.noarch
Installing fedorainfinity-screensaver-theme-1.0.0-3.fc12.noarch
Installing kdelibs-devel-4.3.2-4.fc12.i686
Installing gnome-panel-2.28.0-13.fc12.i686
Installing qedje-0.4.0-2.fc12.i686
Installing axis-1.2.1-7.fc12.i686
Installing mx4j-3.0.1-9.9.fc12.i686
Installing geronimo-specs-1.0-2.M2.fc10.i386
Installing kdebase-4.3.2-3.fc12.i686
Installing xmldb-api-sdk-0.1-0.4.20011111cvs.1.3.fc12.i686
Installing libnice-0.0.9-2.fc12.i686
Installing farsight2-0.0.16-1.fc12.i686
Installing telepathy-farsight-0.0.12-1.fc12.i686
Installing empathy-libs-2.28.1.1-3.fc12.i686
Installing libpurple-2.6.3-2.fc12.i686
Installing telepathy-haze-0.3.1-3.fc12.i686
Installing glade3-libgladeui-3.6.7-2.fc12.i686
Installing desktop-effects-0.8.4-2.fc12.i686
Installing ant-apache-resolver-1.7.1-12.fc12.i686
Installing evolution-2.28.0-2.fc12.i686
Installing gvfs-fuse-1.4.1-3.fc12.i686
Installing totem-2.28.2-2.fc12.i686
Installing gvfs-obexftp-1.4.1-3.fc12.i686
Installing telepathy-salut-0.3.10-1.fc12.i686
Installing telepathy-gabble-0.8.7-1.fc12.i686
Installing ant-apache-log4j-1.7.1-12.fc12.i686
Installing kdebase-runtime-libs-4.3.2-4.fc12.i686
Installing kdenetwork-libs-4.3.2-4.fc12.i686
Installing avalon-framework-4.1.4-6.fc12.i686
Installing bsf-2.4.0-3.fc12.i686
Installing ant-apache-bsf-1.7.1-12.fc12.i686
Installing jdom-1.0-7.5.fc12.i686
Installing kdm-4.3.2-1.fc12.i686
Installing kdebluetooth-0.3-4.fc12.i686
Installing bluez-4.57-2.fc12.i686
Installing pulseaudio-module-bluetooth-0.9.19-2.fc12.i686
Installing ant-apache-regexp-1.7.1-12.fc12.i686
Installing ant-commons-logging-1.7.1-12.fc12.i686
Installing ant-antlr-1.7.1-12.fc12.i686
Installing ant-apache-oro-1.7.1-12.fc12.i686
Installing ant-junit-1.7.1-12.fc12.i686
Installing ant-apache-bcel-1.7.1-12.fc12.i686
Installing ant-javamail-1.7.1-12.fc12.i686
Installing ant-jdepend-1.7.1-12.fc12.i686
Installing ant-jsch-1.7.1-12.fc12.i686
Installing ant-commons-net-1.7.1-12.fc12.i686
Installing ant-swing-1.7.1-12.fc12.i686
Installing kio_sysinfo-20090930-1.fc12.i686
Installing kdebase-workspace-4.3.2-1.fc12.i686
Installing kdeartwork-kxs-4.3.2-3.fc12.i686
Installing kdegames-libs-4.3.2-1.fc12.i686
Installing kio_msits-4.3.2-3.fc12.i686
Installing kdesdk-libs-4.3.2-2.fc12.i686
Installing kross-python-4.3.2-1.fc12.i686
Installing qtscriptbindings-0.1.0-8.fc12.i686
Installing poppler-qt4-0.12.1-3.fc12.i686
Installing kdebase3-libs-3.5.10-14.fc12.i686
Installing PackageKit-yum-0.5.4-0.1.20091029git.fc12.i686
Installing kdegraphics-4.3.2-3.fc12.i686
Installing kdesdk-4.3.2-2.fc12.i686
Installing kdegames-4.3.2-1.fc12.i686
Installing kdeartwork-screensavers-4.3.2-3.fc12.i686
Installing kdemultimedia-4.3.2-1.fc12.i686
Installing gnome-bluetooth-2.28.3-1.fc12.i686
Installing kdenetwork-4.3.2-4.fc12.i686
Installing empathy-2.28.1.1-3.fc12.i686
Installing totem-nautilus-2.28.2-2.fc12.i686
Installing compiz-gnome-0.8.2-19.fc12.i686
Installing glade3-3.6.7-2.fc12.i686
Installing nautilus-sendto-2.28.0-1.fc12.i686
Installing konq-plugins-4.3.1-3.fc12.i686
Installing gnome-applets-2.28.0-2.fc12.i686
Installing PyQt4-devel-4.5.4-1.fc12.i686
Installing sound-juicer-2.28.0-4.fc12.i686
Installing rhythmbox-0.12.5-8.fc12.i686
Installing gimp-help-browser-2.6.7-2.fc12.i686
Installing cheese-2.28.1-1.fc12.i686
Installing cadaver-0.23.2-6.i686
Installing ekiga-3.2.6-1.fc12.i686
Installing nautilus-2.28.1-2.fc12.i686
Installing gvfs-smb-1.4.1-3.fc12.i686
Installing gvfs-gphoto2-1.4.1-3.fc12.i686
Installing gvfs-archive-1.4.1-3.fc12.i686
Installing vino-2.28.1-1.fc12.i686
Installing seahorse-2.28.1-1.fc12.i686
Installing konversation-1.2-1.fc12.i686
Installing kaffeine-1.0-0.3.pre2.fc12.i686
Installing kcm-gtk-0.5.3-1.fc12.i686
Installing ksshaskpass-0.5.1-4.fc12.i686
Installing phonon-backend-gstreamer-4.3.1-102.fc12.i686
Installing ibus-qt-1.2.0.20091014-1.fc12.i686
Installing saxon-6.5.5-3.3.fc12.noarch
Installing ws-jaxme-0.5.1-4.4.fc12.noarch
Installing fop-0.95-4.noarch
Installing geronimo-specs-compat-1.0-2.M2.fc10.i386
Installing jetty-6.1.20-4.fc12.noarch
Installing kdebase-workspace-python-applet-4.3.2-1.fc12.i686
Installing evolution-help-2.28.0-2.fc12.noarch
Installing kdemultimedia-devel-4.3.2-1.fc12.i686
Installing kdebase-workspace-devel-4.3.2-1.fc12.i686
Installing kdepimlibs-devel-4.3.2-1.fc12.i686
Installing evolution-data-server-devel-2.28.0-1.fc12.i686
Installing gupnp-devel-0.13.1-1.fc12.i686
Installing kdeutils-printer-applet-4.3.2-1.fc12.i686
Installing dbus-cxx-doc-0.4.3-1.fc12.noarch
Installing geoclue-devel-0.11.1.1-0.9.20091026git73b6729.fc12.i686
Installing orca-2.28.1-1.fc12.i686
Installing openoffice.org-core-3.1.1-19.14.fc12.i686
Installing openoffice.org-brand-3.1.1-19.14.fc12.i686
Installing openoffice.org-impress-core-3.1.1-19.14.fc12.i686
Installing openoffice.org-presenter-screen-3.1.1-19.14.fc12.i686
Installing openoffice.org-graphicfilter-3.1.1-19.14.fc12.i686
Installing openoffice.org-calc-core-3.1.1-19.14.fc12.i686
Installing openoffice.org-math-core-3.1.1-19.14.fc12.i686
Installing openoffice.org-writer-core-3.1.1-19.14.fc12.i686
Installing mysql-connector-java-5.1.8-1.fc12.i686
Installing jython-2.2.1-4.2.fc12.i686
Installing ant-trax-1.7.1-12.fc12.i686
Installing jakarta-commons-modeler-2.0-6.3.fc12.i686
Installing openoffice.org-draw-core-3.1.1-19.14.fc12.i686
Installing openoffice.org-math-3.1.1-19.14.fc12.i686
Installing openoffice.org-xsltfilter-3.1.1-19.14.fc12.i686
Installing openoffice.org-langpack-en-3.1.1-19.14.fc12.i686
Installing eclipse-platform-3.5.1-4.fc12.i686
Installing openoffice.org-pdfimport-3.1.1-19.14.fc12.i686
Installing openoffice.org-draw-3.1.1-19.14.fc12.i686
Installing openoffice.org-writer-3.1.1-19.14.fc12.i686
Installing openoffice.org-calc-3.1.1-19.14.fc12.i686
Installing openoffice.org-impress-3.1.1-19.14.fc12.i686
Installing openoffice.org-voikko-3.1-1.fc12.i686
Installing eclipse-jdt-3.5.1-4.fc12.i686
Installing eclipse-gef-3.5.0-3.fc12.noarch
Installing eclipse-emf-2.5.0-4.fc12.noarch
Installing eclipse-rse-3.1-2.fc12.noarch
Installing eclipse-cdt-6.0.0-10.fc12.i686
Installing eclipse-linuxprofilingframework-0.3.0-2.fc12.i686
Installing eclipse-dtp-1.7.0-5.fc12.noarch
Installing eclipse-birt-2.5-1.fc12.noarch
Installing eclipse-mylyn-3.2.1-2.fc12.noarch
Installing eclipse-changelog-2.6.7-3.fc12.i686
Installing svnkit-1.3.0-1.fc12.noarch
Installing eclipse-svnkit-1.3.0-1.fc12.noarch
Installing eclipse-subclipse-1.6.5-1.fc12.noarch
Installing eclipse-rpm-editor-0.4.3-1.fc12.i686
Installing eclipse-mylyn-java-3.2.1-2.fc12.noarch
Installing eclipse-valgrind-0.3.0-1.fc12.i686
Installing eclipse-callgraph-0.0.1-3.fc12.i686
Installing eclipse-pydev-1.4.7-3.fc12.i686
Installing eclipse-pde-3.5.1-4.fc12.i686
Installing eclipse-egit-0.5.0-2.fc12.noarch
Installing eclipse-oprofile-0.2.0-3.fc12.i686
Installing xorg-x11-server-Xorg-1.7.1-7.fc12.i686
Installing PackageKit-0.5.4-0.1.20091029git.fc12.i686
Installing kdeedu-marble-libs-4.3.2-2.fc12.i686
Installing xorg-x11-drv-void-1.3.0-2.fc12.i686
Installing digikam-1.0.0-0.7.beta5.fc12.i686
Installing kdeplasma-addons-4.3.2-5.fc12.i686
Installing digikam-libs-1.0.0-0.7.beta5.fc12.i686
Installing PackageKit-qt-0.5.4-0.1.20091029git.fc12.i686
Installing xorg-x11-drv-neomagic-1.2.4-2.fc12.i686
Installing xorg-x11-drv-voodoo-1.2.3-1.fc12.i686
Installing xorg-x11-drv-intel-2.9.1-1.fc12.i686
Installing xorg-x11-drv-hyperpen-1.3.0-3.fc12.i686
Installing xorg-x11-drv-tdfx-1.4.3-1.fc12.i686
Installing xorg-x11-drv-mga-1.4.11-1.fc12.i686
Installing linuxwacom-0.8.2.2-14.fc12.i686
Installing xorg-x11-drv-rendition-4.2.2-4.fc12.i686
Installing xorg-x11-drv-cirrus-1.3.2-1.fc12.i686
Installing xorg-x11-drv-ati-6.13.0-0.10.20091006git457646d73.fc12.i686
Installing xorg-x11-drv-sis-0.10.2-1.fc12.i686
Installing xorg-x11-drv-ast-0.89.9-1.fc12.i686
Installing xorg-x11-drv-mach64-6.8.2-1.fc12.i686
Installing xorg-x11-drv-siliconmotion-1.7.3-1.fc12.i686
Installing xorg-x11-drv-trident-1.3.3-1.fc12.i686
Installing xorg-x11-drv-geode-2.11.4.1-1.fc12.i686
Installing xorg-x11-drv-fpit-1.3.0-4.fc12.i686
Installing xorg-x11-drv-keyboard-1.3.99.1-1.fc12.i686
Installing xorg-x11-drv-nv-2.1.15-2.fc12.i686
Installing xorg-x11-drv-vmmouse-12.6.5-2.fc12.i686
Installing xorg-x11-drv-s3virge-1.10.4-1.fc12.i686
Installing xorg-x11-drv-mutouch-1.2.1-4.fc12.i686
Installing xorg-x11-drv-r128-6.8.1-2.fc12.i686
Installing xorg-x11-drv-synaptics-1.1.99-7.20090907.fc12.i686
Installing xorg-x11-drv-penmount-1.4.0-4.fc12.i686
Installing xorg-x11-drv-elographics-1.2.3-4.fc12.i686
Installing xorg-x11-drv-nouveau-0.0.15-17.20091105gite1c2efd.fc12.i686
Installing xorg-x11-drv-acecad-1.4.0-1.fc12.i686
Installing xorg-x11-drv-openchrome-0.2.904-1.fc12.i686
Installing xorg-x11-drv-vmware-10.16.7-2.fc12.i686
Installing xorg-x11-drv-i128-1.3.3-1.fc12.i686
Installing xorg-x11-drv-mouse-1.4.99.1-2.fc12.i686
Installing xorg-x11-drv-i740-1.3.2-1.fc12.i686
Installing xorg-x11-drv-savage-2.3.1-1.fc12.i686
Installing xorg-x11-drv-apm-1.2.2-1.fc12.i686
Installing xorg-x11-drv-fbdev-0.4.1-1.fc12.i686
Installing xorg-x11-drv-aiptek-1.3.0-1.fc12.i686
Installing xorg-x11-drv-dummy-0.3.2-3.fc12.i686
Installing xorg-x11-drv-sisusb-0.9.3-1.fc12.i686
Installing xorg-x11-drv-v4l-0.2.0-3.fc12.1.i686
Installing xorg-x11-drv-glint-1.2.4-1.fc12.i686
Installing kdeedu-marble-4.3.2-2.fc12.i686
Installing kipi-plugins-libs-0.8.0-1.fc12.i686
Installing kdevelop-libs-3.5.4-6.fc12.i686
Installing kdeutils-libs-4.3.2-1.fc12.i686
Installing kdeplasma-addons-libs-4.3.2-5.fc12.i686
Installing kdepim-libs-4.3.2-2.fc12.i686
Installing kdeaccessibility-libs-4.3.2-2.fc12.i686
Installing amarok-libs-2.2.0-2.fc12.i686
Installing kdevelop-3.5.4-6.fc12.i686
Installing scribus-1.3.5.1-4.fc12.i686
Installing kdeutils-4.3.2-1.fc12.i686
Installing kdepim-4.3.2-2.fc12.i686
Installing kipi-plugins-0.8.0-1.fc12.i686
Installing kdeaccessibility-4.3.2-2.fc12.i686
Installing amarok-2.2.0-2.fc12.i686
Installing PackageKit-yum-plugin-0.5.4-0.1.20091029git.fc12.i686
Installing scribus-doc-1.3.5.1-4.fc12.noarch
Installing plymouth-gdm-hooks-0.8.0-0.2009.29.09.18.fc12.i686
Installing kpackagekit-0.5.0.3-1.fc12.i686
Installing gnome-packagekit-2.28.2-0.1.20091030git.fc12.i686
Installing setroubleshoot-2.2.42-1.fc12.i686
Installing xorg-x11-drivers-7.3-13.fc12.i686
Installing gdm-2.28.1-24.fc12.i686
Installing gdm-plugin-fingerprint-2.28.1-24.fc12.i686
Installing gdm-user-switch-applet-2.28.1-24.fc12.i686
Installing pulseaudio-gdm-hooks-0.9.19-2.fc12.i686
*** FINISHED INSTALLING PACKAGES ***